2018-08-10 18:20:11,770 INFO o.a.j.u.JMeterUtils: Setting Locale to en_IN
2018-08-10 18:20:11,799 INFO o.a.j.JMeter: Loading user properties from: user.properties
2018-08-10 18:20:11,801 INFO o.a.j.JMeter: Loading system properties from: system.properties
2018-08-10 18:20:11,813 INFO o.a.j.JMeter: Copyright (c) 1998-2017 The Apache Software Foundation
2018-08-10 18:20:11,814 INFO o.a.j.JMeter: Version 3.3 r1808647
2018-08-10 18:20:11,814 INFO o.a.j.JMeter: java.version=1.8.0_171
2018-08-10 18:20:11,815 INFO o.a.j.JMeter: java.vm.name=OpenJDK 64-Bit Server VM
2018-08-10 18:20:11,815 INFO o.a.j.JMeter: os.name=Linux
2018-08-10 18:20:11,815 INFO o.a.j.JMeter: os.arch=amd64
2018-08-10 18:20:11,815 INFO o.a.j.JMeter: os.version=4.13.0-46-generic
2018-08-10 18:20:11,815 INFO o.a.j.JMeter: file.encoding=UTF-8
2018-08-10 18:20:11,815 INFO o.a.j.JMeter: Max memory     =1698693120
2018-08-10 18:20:11,815 INFO o.a.j.JMeter: Available Processors =2
2018-08-10 18:20:11,822 INFO o.a.j.JMeter: Default Locale=English (India)
2018-08-10 18:20:11,823 INFO o.a.j.JMeter: JMeter  Locale=English (India)
2018-08-10 18:20:11,823 INFO o.a.j.JMeter: JMeterHome=/home/anuragverma/Desktop/vinay2/jmeter_jgit/Jmeter_Git
2018-08-10 18:20:11,824 INFO o.a.j.JMeter: user.dir  =/home/anuragverma/Desktop/vinay2/jmeter_jgit/Jmeter_Git/bin
2018-08-10 18:20:11,824 INFO o.a.j.JMeter: PWD       =/home/anuragverma/Desktop/vinay2/jmeter_jgit/Jmeter_Git/bin
2018-08-10 18:20:11,824 INFO o.a.j.JMeter: IP: 127.0.1.1 Name: lnla043p3014 FullName: lnla043p3014.qait.com
2018-08-10 18:20:12,374 INFO o.a.j.g.a.LookAndFeelCommand: Using look and feel: javax.swing.plaf.metal.MetalLookAndFeel [Metal, CrossPlatform]
2018-08-10 18:20:12,382 INFO o.a.j.JMeter: Loaded icon properties from org/apache/jmeter/images/icon.properties
2018-08-10 18:20:15,613 INFO o.a.j.e.u.CompoundVariable: Note: Function class names must contain the string: '.functions.'
2018-08-10 18:20:15,614 INFO o.a.j.e.u.CompoundVariable: Note: Function class names must not contain the string: '.gui.'
2018-08-10 18:20:17,794 WARN o.j.r.PluginManager: Found JAR conflict: /home/anuragverma/Desktop/vinay2/jmeter_jgit/Jmeter_Git/lib/ext/cmdrunner-1.0.0.jar and /home/anuragverma/Desktop/vinay2/jmeter_jgit/Jmeter_Git/lib/cmdrunner-2.2.jar
2018-08-10 18:20:17,874 INFO o.j.r.JARSourceHTTP: Requesting https://jmeter-plugins.org/repo/?installID=linux-235a0add4cad5dc33738c5b1643e0aa6-gui
2018-08-10 18:20:21,183 INFO o.a.j.g.u.MenuFactory: Skipping org.apache.jmeter.assertions.BSFAssertion
2018-08-10 18:20:21,463 INFO o.a.j.g.u.MenuFactory: Skipping org.apache.jmeter.extractor.BSFPostProcessor
2018-08-10 18:20:21,528 INFO o.a.j.g.u.MenuFactory: Skipping org.apache.jmeter.modifiers.BSFPreProcessor
2018-08-10 18:20:21,631 INFO o.a.j.p.h.s.HTTPSamplerBase: Parser for text/html is org.apache.jmeter.protocol.http.parser.LagartoBasedHtmlParser
2018-08-10 18:20:21,631 INFO o.a.j.p.h.s.HTTPSamplerBase: Parser for application/xhtml+xml is org.apache.jmeter.protocol.http.parser.LagartoBasedHtmlParser
2018-08-10 18:20:21,631 INFO o.a.j.p.h.s.HTTPSamplerBase: Parser for application/xml is org.apache.jmeter.protocol.http.parser.LagartoBasedHtmlParser
2018-08-10 18:20:21,632 INFO o.a.j.p.h.s.HTTPSamplerBase: Parser for text/xml is org.apache.jmeter.protocol.http.parser.LagartoBasedHtmlParser
2018-08-10 18:20:21,632 INFO o.a.j.p.h.s.HTTPSamplerBase: Parser for text/vnd.wap.wml is org.apache.jmeter.protocol.http.parser.RegexpHTMLParser
2018-08-10 18:20:21,632 INFO o.a.j.p.h.s.HTTPSamplerBase: Parser for text/css is org.apache.jmeter.protocol.http.parser.CssParser
2018-08-10 18:20:22,144 INFO o.j.r.PluginManager: Plugins Status: [jpgc-graphs-basic=2.0, jpgc-graphs-additional=2.0, jpgc-functions=2.1, jpgc-casutg=2.5, jpgc-dummy=0.2, jpgc-ffw=2.0, jpgc-fifo=0.2, jpgc-json=2.6, jpgc-graphs-vs=2.0, jpgc-mergeresults=2.1, jpgc-perfmon=2.1, jpgc-plugins-manager=1.3, bzm-random-csv=0.6, ssh-sampler=1.1.1-SNAPSHOT, jpgc-webdriver=2.3, jpgc-tst=2.5, jmeter-core=3.3, jmeter-ftp=3.3, jmeter-http=3.3, jmeter-jdbc=3.3, jmeter-jms=3.3, jmeter-junit=3.3, jmeter-java=3.3, jmeter-ldap=3.3, jmeter-mail=3.3, jmeter-mongodb=3.3, jmeter-native=3.3, jmeter-tcp=3.3, jmeter-components=3.3, jpgc-standard=2.0]
2018-08-10 18:20:22,478 INFO o.a.j.e.KeyToolUtils: keytool found at 'keytool'
2018-08-10 18:20:22,479 INFO o.a.j.p.h.p.ProxyControl: HTTP(S) Test Script Recorder SSL Proxy will use keys that support embedded 3rd party resources in file /home/anuragverma/Desktop/vinay2/jmeter_jgit/Jmeter_Git/bin/proxyserver.jks
2018-08-10 18:20:22,880 INFO o.a.j.g.u.MenuFactory: Skipping org.apache.jmeter.protocol.java.sampler.BSFSampler
2018-08-10 18:20:22,993 INFO o.a.j.s.FileServer: Default base='/home/anuragverma/Desktop/vinay2/jmeter_jgit/Jmeter_Git/bin'
2018-08-10 18:20:23,229 INFO o.a.j.g.u.MenuFactory: Skipping org.apache.jmeter.protocol.mongodb.config.MongoSourceElement
2018-08-10 18:20:23,230 INFO o.a.j.g.u.MenuFactory: Skipping org.apache.jmeter.protocol.mongodb.sampler.MongoScriptSampler
2018-08-10 18:20:23,507 INFO o.a.j.g.u.MenuFactory: Skipping org.apache.jmeter.timers.BSFTimer
2018-08-10 18:20:23,552 INFO o.a.j.g.u.MenuFactory: Skipping org.apache.jmeter.visualizers.BSFListener
2018-08-10 18:20:23,850 INFO o.a.j.s.SampleResult: Note: Sample TimeStamps are START times
2018-08-10 18:20:23,850 INFO o.a.j.s.SampleResult: sampleresult.default.encoding is set to ISO-8859-1
2018-08-10 18:20:23,850 INFO o.a.j.s.SampleResult: sampleresult.useNanoTime=true
2018-08-10 18:20:23,851 INFO o.a.j.s.SampleResult: sampleresult.nanoThreadSleep=5000
2018-08-10 18:20:23,899 WARN o.a.j.v.ViewResultsFullVisualizer: Error loading result renderer: org.apache.jmeter.visualizers.RenderInBrowser
java.lang.NoClassDefFoundError: javafx/embed/swing/JFXPanel
	at java.lang.Class.forName0(Native Method) ~[?:1.8.0_171]
	at java.lang.Class.forName(Class.java:264) ~[?:1.8.0_171]
	at org.apache.jmeter.visualizers.ViewResultsFullVisualizer.createComboRender(ViewResultsFullVisualizer.java:478) ~[ApacheJMeter_components.jar:3.3 r1808647]
	at org.apache.jmeter.visualizers.ViewResultsFullVisualizer.createLeftPanel(ViewResultsFullVisualizer.java:446) ~[ApacheJMeter_components.jar:3.3 r1808647]
	at org.apache.jmeter.visualizers.ViewResultsFullVisualizer.init(ViewResultsFullVisualizer.java:358) ~[ApacheJMeter_components.jar:3.3 r1808647]
	at org.apache.jmeter.visualizers.ViewResultsFullVisualizer.<init>(ViewResultsFullVisualizer.java:163) ~[ApacheJMeter_components.jar:3.3 r1808647]
	at sun.reflect.NativeConstructorAccessorImpl.newInstance0(Native Method) ~[?:1.8.0_171]
	at sun.reflect.NativeConstructorAccessorImpl.newInstance(NativeConstructorAccessorImpl.java:62) ~[?:1.8.0_171]
	at sun.reflect.DelegatingConstructorAccessorImpl.newInstance(DelegatingConstructorAccessorImpl.java:45) ~[?:1.8.0_171]
	at java.lang.reflect.Constructor.newInstance(Constructor.java:423) ~[?:1.8.0_171]
	at java.lang.Class.newInstance(Class.java:442) ~[?:1.8.0_171]
	at org.apache.jmeter.gui.util.MenuFactory.initializeMenus(MenuFactory.java:505) ~[ApacheJMeter_core.jar:3.3 r1808647]
	at org.apache.jmeter.gui.util.MenuFactory.<clinit>(MenuFactory.java:169) ~[ApacheJMeter_core.jar:3.3 r1808647]
	at org.apache.jmeter.control.gui.TestPlanGui.createPopupMenu(TestPlanGui.java:93) ~[ApacheJMeter_core.jar:3.3 r1808647]
	at org.apache.jmeter.gui.tree.JMeterTreeNode.createPopupMenu(JMeterTreeNode.java:156) ~[ApacheJMeter_core.jar:3.3 r1808647]
	at org.apache.jmeter.gui.action.EditCommand.doAction(EditCommand.java:46) ~[ApacheJMeter_core.jar:3.3 r1808647]
	at org.apache.jmeter.gui.action.ActionRouter.performAction(ActionRouter.java:80) ~[ApacheJMeter_core.jar:3.3 r1808647]
	at org.apache.jmeter.gui.action.ActionRouter.lambda$actionPerformed$0(ActionRouter.java:65) ~[ApacheJMeter_core.jar:3.3 r1808647]
	at java.awt.event.InvocationEvent.dispatch(InvocationEvent.java:311) [?:1.8.0_171]
	at java.awt.EventQueue.dispatchEventImpl(EventQueue.java:758) [?:1.8.0_171]
	at java.awt.EventQueue.access$500(EventQueue.java:97) [?:1.8.0_171]
	at java.awt.EventQueue$3.run(EventQueue.java:709) [?:1.8.0_171]
	at java.awt.EventQueue$3.run(EventQueue.java:703) [?:1.8.0_171]
	at java.security.AccessController.doPrivileged(Native Method) ~[?:1.8.0_171]
	at java.security.ProtectionDomain$JavaSecurityAccessImpl.doIntersectionPrivilege(ProtectionDomain.java:80) [?:1.8.0_171]
	at java.awt.EventQueue.dispatchEvent(EventQueue.java:728) [?:1.8.0_171]
	at org.GNOME.Accessibility.AtkWrapper$5.dispatchEvent(AtkWrapper.java:700) [java-atk-wrapper.jar:?]
	at java.awt.EventDispatchThread.pumpOneEventForFilters(EventDispatchThread.java:205) [?:1.8.0_171]
	at java.awt.EventDispatchThread.pumpEventsForFilter(EventDispatchThread.java:116) [?:1.8.0_171]
	at java.awt.EventDispatchThread.pumpEventsForHierarchy(EventDispatchThread.java:105) [?:1.8.0_171]
	at java.awt.EventDispatchThread.pumpEvents(EventDispatchThread.java:101) [?:1.8.0_171]
	at java.awt.EventDispatchThread.pumpEvents(EventDispatchThread.java:93) [?:1.8.0_171]
	at java.awt.EventDispatchThread.run(EventDispatchThread.java:82) [?:1.8.0_171]
Caused by: java.lang.ClassNotFoundException: javafx.embed.swing.JFXPanel
	at java.net.URLClassLoader.findClass(URLClassLoader.java:381) ~[?:1.8.0_171]
	at java.lang.ClassLoader.loadClass(ClassLoader.java:424) ~[?:1.8.0_171]
	at java.lang.ClassLoader.loadClass(ClassLoader.java:357) ~[?:1.8.0_171]
	... 33 more
2018-08-10 18:20:42,761 INFO o.a.j.g.a.Load: Loading file: /home/anuragverma/Desktop/vinay2/jmeter_jgit/Jmeter_Git/bin/jgit_code.jmx
2018-08-10 18:20:42,761 INFO o.a.j.s.FileServer: Set new base='/home/anuragverma/Desktop/vinay2/jmeter_jgit/Jmeter_Git/bin'
2018-08-10 18:20:43,106 INFO o.a.j.s.SaveService: Testplan (JMX) version: 2.2. Testlog (JTL) version: 2.2
2018-08-10 18:20:43,140 INFO o.a.j.s.SaveService: Using SaveService properties file encoding UTF-8
2018-08-10 18:20:43,143 INFO o.a.j.s.SaveService: Using SaveService properties version 3.2
2018-08-10 18:20:43,149 INFO o.a.j.s.SaveService: Loading file: /home/anuragverma/Desktop/vinay2/jmeter_jgit/Jmeter_Git/bin/jgit_code.jmx
2018-08-10 18:20:44,340 WARN o.a.j.v.ViewResultsFullVisualizer: Error loading result renderer: org.apache.jmeter.visualizers.RenderInBrowser
java.lang.NoClassDefFoundError: javafx/embed/swing/JFXPanel
	at java.lang.Class.forName0(Native Method) ~[?:1.8.0_171]
	at java.lang.Class.forName(Class.java:264) ~[?:1.8.0_171]
	at org.apache.jmeter.visualizers.ViewResultsFullVisualizer.createComboRender(ViewResultsFullVisualizer.java:478) ~[ApacheJMeter_components.jar:3.3 r1808647]
	at org.apache.jmeter.visualizers.ViewResultsFullVisualizer.createLeftPanel(ViewResultsFullVisualizer.java:446) ~[ApacheJMeter_components.jar:3.3 r1808647]
	at org.apache.jmeter.visualizers.ViewResultsFullVisualizer.init(ViewResultsFullVisualizer.java:358) ~[ApacheJMeter_components.jar:3.3 r1808647]
	at org.apache.jmeter.visualizers.ViewResultsFullVisualizer.<init>(ViewResultsFullVisualizer.java:163) ~[ApacheJMeter_components.jar:3.3 r1808647]
	at sun.reflect.NativeConstructorAccessorImpl.newInstance0(Native Method) ~[?:1.8.0_171]
	at sun.reflect.NativeConstructorAccessorImpl.newInstance(NativeConstructorAccessorImpl.java:62) ~[?:1.8.0_171]
	at sun.reflect.DelegatingConstructorAccessorImpl.newInstance(DelegatingConstructorAccessorImpl.java:45) ~[?:1.8.0_171]
	at java.lang.reflect.Constructor.newInstance(Constructor.java:423) ~[?:1.8.0_171]
	at java.lang.Class.newInstance(Class.java:442) ~[?:1.8.0_171]
	at org.apache.jmeter.gui.GuiPackage.getGuiFromCache(GuiPackage.java:399) ~[ApacheJMeter_core.jar:3.3 r1808647]
	at org.apache.jmeter.gui.GuiPackage.getGui(GuiPackage.java:245) ~[ApacheJMeter_core.jar:3.3 r1808647]
	at org.apache.jmeter.gui.GuiPackage.getGui(GuiPackage.java:216) ~[ApacheJMeter_core.jar:3.3 r1808647]
	at org.apache.jmeter.gui.tree.JMeterTreeModel.addComponent(JMeterTreeModel.java:145) ~[ApacheJMeter_core.jar:3.3 r1808647]
	at org.apache.jmeter.gui.tree.JMeterTreeModel.addSubTree(JMeterTreeModel.java:121) ~[ApacheJMeter_core.jar:3.3 r1808647]
	at org.apache.jmeter.gui.tree.JMeterTreeModel.addSubTree(JMeterTreeModel.java:113) ~[ApacheJMeter_core.jar:3.3 r1808647]
	at org.apache.jmeter.gui.GuiPackage.addSubTree(GuiPackage.java:517) ~[ApacheJMeter_core.jar:3.3 r1808647]
	at org.apache.jmeter.gui.action.Load.insertLoadedTree(Load.java:194) ~[ApacheJMeter_core.jar:3.3 r1808647]
	at org.apache.jmeter.gui.action.Load.loadProjectFile(Load.java:131) ~[ApacheJMeter_core.jar:3.3 r1808647]
	at org.apache.jmeter.gui.action.Load.loadProjectFile(Load.java:102) ~[ApacheJMeter_core.jar:3.3 r1808647]
	at org.apache.jmeter.gui.action.LoadRecentProject.doActionAfterCheck(LoadRecentProject.java:67) ~[ApacheJMeter_core.jar:3.3 r1808647]
	at org.apache.jmeter.gui.action.AbstractActionWithNoRunningTest.doAction(AbstractActionWithNoRunningTest.java:45) ~[ApacheJMeter_core.jar:3.3 r1808647]
	at org.apache.jmeter.gui.action.ActionRouter.performAction(ActionRouter.java:80) ~[ApacheJMeter_core.jar:3.3 r1808647]
	at org.apache.jmeter.gui.action.ActionRouter.lambda$actionPerformed$0(ActionRouter.java:65) ~[ApacheJMeter_core.jar:3.3 r1808647]
	at java.awt.event.InvocationEvent.dispatch(InvocationEvent.java:311) [?:1.8.0_171]
	at java.awt.EventQueue.dispatchEventImpl(EventQueue.java:758) [?:1.8.0_171]
	at java.awt.EventQueue.access$500(EventQueue.java:97) [?:1.8.0_171]
	at java.awt.EventQueue$3.run(EventQueue.java:709) [?:1.8.0_171]
	at java.awt.EventQueue$3.run(EventQueue.java:703) [?:1.8.0_171]
	at java.security.AccessController.doPrivileged(Native Method) ~[?:1.8.0_171]
	at java.security.ProtectionDomain$JavaSecurityAccessImpl.doIntersectionPrivilege(ProtectionDomain.java:80) [?:1.8.0_171]
	at java.awt.EventQueue.dispatchEvent(EventQueue.java:728) [?:1.8.0_171]
	at org.GNOME.Accessibility.AtkWrapper$5.dispatchEvent(AtkWrapper.java:700) [java-atk-wrapper.jar:?]
	at java.awt.EventDispatchThread.pumpOneEventForFilters(EventDispatchThread.java:205) [?:1.8.0_171]
	at java.awt.EventDispatchThread.pumpEventsForFilter(EventDispatchThread.java:116) [?:1.8.0_171]
	at java.awt.EventDispatchThread.pumpEventsForHierarchy(EventDispatchThread.java:105) [?:1.8.0_171]
	at java.awt.EventDispatchThread.pumpEvents(EventDispatchThread.java:101) [?:1.8.0_171]
	at java.awt.EventDispatchThread.pumpEvents(EventDispatchThread.java:93) [?:1.8.0_171]
	at java.awt.EventDispatchThread.run(EventDispatchThread.java:82) [?:1.8.0_171]
Caused by: java.lang.ClassNotFoundException: javafx.embed.swing.JFXPanel
	at java.net.URLClassLoader.findClass(URLClassLoader.java:381) ~[?:1.8.0_171]
	at java.lang.ClassLoader.loadClass(ClassLoader.java:424) ~[?:1.8.0_171]
	at java.lang.ClassLoader.loadClass(ClassLoader.java:357) ~[?:1.8.0_171]
	... 40 more
2018-08-10 18:20:44,578 INFO o.a.j.s.FileServer: Set new base='/home/anuragverma/Desktop/vinay2/jmeter_jgit/Jmeter_Git/bin'
2018-08-13 01:27:22,533 INFO o.a.j.e.StandardJMeterEngine: Running the test!
2018-08-13 01:27:22,535 INFO o.a.j.s.SampleEvent: List of sample_variables: []
2018-08-13 01:27:22,546 INFO o.a.j.s.SampleEvent: List of sample_variables: []
2018-08-13 01:27:22,712 INFO o.a.j.v.b.BackendListener: Backend Listener: Starting worker with class: class org.apache.jmeter.visualizers.backend.graphite.GraphiteBackendListenerClient and queue capacity: 5000
2018-08-13 01:27:22,714 INFO o.a.j.v.b.BackendListener: Backend Listener: Started  worker with class: class org.apache.jmeter.visualizers.backend.graphite.GraphiteBackendListenerClient
2018-08-13 01:27:22,770 INFO o.a.j.v.b.g.TextGraphiteMetricsSender: Created TextGraphiteMetricsSender with host: localhost, port: 2003, prefix: jmeter.
2018-08-13 01:27:22,777 INFO o.a.j.g.u.JMeterMenuBar: setRunning(true, *local*)
2018-08-13 01:27:23,351 INFO o.a.j.e.StandardJMeterEngine: Starting ThreadGroup: 1 : Thread Group
2018-08-13 01:27:23,352 INFO o.a.j.e.StandardJMeterEngine: Starting 1 threads for group Thread Group.
2018-08-13 01:27:23,352 INFO o.a.j.e.StandardJMeterEngine: Thread will start next loop on error
2018-08-13 01:27:23,353 INFO o.a.j.t.ThreadGroup: Starting thread group... number=1 threads=1 ramp-up=1 perThread=1000.0 delayedStart=false
2018-08-13 01:27:23,367 INFO o.a.j.t.ThreadGroup: Started thread group number 1
2018-08-13 01:27:23,368 INFO o.a.j.e.StandardJMeterEngine: All thread groups have been started
2018-08-13 01:27:23,380 INFO o.a.j.t.JMeterThread: Thread started: Thread Group 1-1
2018-08-13 01:27:23,404 INFO o.a.j.s.FileServer: Stored: TestAccounts.csv
2018-08-13 01:27:26,132 ERROR o.a.j.p.j.s.JSR223Sampler: Problem in JSR223 script Add,Commit,Push, message: javax.script.ScriptException: javax.script.ScriptException: groovy.lang.MissingMethodException: No signature of method: org.eclipse.jgit.api.AddCommand.setBare() is applicable for argument types: (java.lang.Boolean) values: [true]
Possible solutions: setUpdate(boolean)
javax.script.ScriptException: javax.script.ScriptException: groovy.lang.MissingMethodException: No signature of method: org.eclipse.jgit.api.AddCommand.setBare() is applicable for argument types: (java.lang.Boolean) values: [true]
Possible solutions: setUpdate(boolean)
	at org.codehaus.groovy.jsr223.GroovyScriptEngineImpl.eval(GroovyScriptEngineImpl.java:158) ~[groovy-all-2.4.12.jar:2.4.12]
	at javax.script.AbstractScriptEngine.eval(AbstractScriptEngine.java:233) ~[?:1.8.0_171]
	at org.apache.jmeter.util.JSR223TestElement.processFileOrScript(JSR223TestElement.java:222) ~[ApacheJMeter_core.jar:3.3 r1808647]
	at org.apache.jmeter.protocol.java.sampler.JSR223Sampler.sample(JSR223Sampler.java:69) [ApacheJMeter_java.jar:3.3 r1808647]
	at org.apache.jmeter.threads.JMeterThread.executeSamplePackage(JMeterThread.java:498) [ApacheJMeter_core.jar:3.3 r1808647]
	at org.apache.jmeter.threads.JMeterThread.processSampler(JMeterThread.java:424) [ApacheJMeter_core.jar:3.3 r1808647]
	at org.apache.jmeter.threads.JMeterThread.run(JMeterThread.java:255) [ApacheJMeter_core.jar:3.3 r1808647]
	at java.lang.Thread.run(Thread.java:748) [?:1.8.0_171]
Caused by: javax.script.ScriptException: groovy.lang.MissingMethodException: No signature of method: org.eclipse.jgit.api.AddCommand.setBare() is applicable for argument types: (java.lang.Boolean) values: [true]
Possible solutions: setUpdate(boolean)
	at org.codehaus.groovy.jsr223.GroovyScriptEngineImpl.eval(GroovyScriptEngineImpl.java:320) ~[groovy-all-2.4.12.jar:2.4.12]
	at org.codehaus.groovy.jsr223.GroovyScriptEngineImpl.eval(GroovyScriptEngineImpl.java:155) ~[groovy-all-2.4.12.jar:2.4.12]
	... 7 more
Caused by: groovy.lang.MissingMethodException: No signature of method: org.eclipse.jgit.api.AddCommand.setBare() is applicable for argument types: (java.lang.Boolean) values: [true]
Possible solutions: setUpdate(boolean)
	at org.codehaus.groovy.runtime.ScriptBytecodeAdapter.unwrap(ScriptBytecodeAdapter.java:58) ~[groovy-all-2.4.12.jar:2.4.12]
	at org.codehaus.groovy.runtime.callsite.PojoMetaClassSite.call(PojoMetaClassSite.java:49) ~[groovy-all-2.4.12.jar:2.4.12]
	at org.codehaus.groovy.runtime.callsite.CallSiteArray.defaultCall(CallSiteArray.java:48) ~[groovy-all-2.4.12.jar:2.4.12]
	at org.codehaus.groovy.runtime.callsite.AbstractCallSite.call(AbstractCallSite.java:113) ~[groovy-all-2.4.12.jar:2.4.12]
	at org.codehaus.groovy.runtime.callsite.AbstractCallSite.call(AbstractCallSite.java:125) ~[groovy-all-2.4.12.jar:2.4.12]
	at Script1.run(Script1.groovy:19) ~[?:?]
	at org.codehaus.groovy.jsr223.GroovyScriptEngineImpl.eval(GroovyScriptEngineImpl.java:317) ~[groovy-all-2.4.12.jar:2.4.12]
	at org.codehaus.groovy.jsr223.GroovyScriptEngineImpl.eval(GroovyScriptEngineImpl.java:155) ~[groovy-all-2.4.12.jar:2.4.12]
	... 7 more
2018-08-13 01:27:26,206 INFO o.a.j.t.JMeterThread: Thread is done: Thread Group 1-1
2018-08-13 01:27:26,206 INFO o.a.j.t.JMeterThread: Thread finished: Thread Group 1-1
2018-08-13 01:27:26,220 INFO o.a.j.e.StandardJMeterEngine: Notifying test listeners of end of test
2018-08-13 01:27:26,220 INFO o.a.j.s.FileServer: Close: TestAccounts.csv
2018-08-13 01:27:26,226 INFO o.a.j.v.b.BackendListener: Worker ended
2018-08-13 01:27:26,347 INFO o.a.j.g.u.JMeterMenuBar: setRunning(false, *local*)
2018-08-13 01:28:15,659 INFO o.a.j.e.StandardJMeterEngine: Running the test!
2018-08-13 01:28:15,659 INFO o.a.j.s.SampleEvent: List of sample_variables: []
2018-08-13 01:28:15,677 INFO o.a.j.v.b.BackendListener: Backend Listener: Starting worker with class: class org.apache.jmeter.visualizers.backend.graphite.GraphiteBackendListenerClient and queue capacity: 5000
2018-08-13 01:28:15,685 INFO o.a.j.v.b.BackendListener: Backend Listener: Started  worker with class: class org.apache.jmeter.visualizers.backend.graphite.GraphiteBackendListenerClient
2018-08-13 01:28:15,691 INFO o.a.j.v.b.g.TextGraphiteMetricsSender: Created TextGraphiteMetricsSender with host: localhost, port: 2003, prefix: jmeter.
2018-08-13 01:28:15,706 INFO o.a.j.g.u.JMeterMenuBar: setRunning(true, *local*)
2018-08-13 01:28:16,548 INFO o.a.j.e.StandardJMeterEngine: Starting ThreadGroup: 1 : Thread Group
2018-08-13 01:28:16,548 INFO o.a.j.e.StandardJMeterEngine: Starting 1 threads for group Thread Group.
2018-08-13 01:28:16,548 INFO o.a.j.e.StandardJMeterEngine: Thread will start next loop on error
2018-08-13 01:28:16,548 INFO o.a.j.t.ThreadGroup: Starting thread group... number=1 threads=1 ramp-up=1 perThread=1000.0 delayedStart=false
2018-08-13 01:28:16,554 INFO o.a.j.t.ThreadGroup: Started thread group number 1
2018-08-13 01:28:16,554 INFO o.a.j.e.StandardJMeterEngine: All thread groups have been started
2018-08-13 01:28:16,588 INFO o.a.j.t.JMeterThread: Thread started: Thread Group 1-1
2018-08-13 01:28:16,598 INFO o.a.j.s.FileServer: Stored: TestAccounts.csv
2018-08-13 01:28:16,877 ERROR o.a.j.p.j.s.JSR223Sampler: Problem in JSR223 script Add,Commit,Push, message: javax.script.ScriptException: javax.script.ScriptException: groovy.lang.MissingMethodException: No signature of method: org.eclipse.jgit.internal.storage.file.FileRepository.setBare() is applicable for argument types: (java.lang.Boolean) values: [true]
Possible solutions: isBare(), getTags(), getBranch(), create(boolean), create(boolean)
javax.script.ScriptException: javax.script.ScriptException: groovy.lang.MissingMethodException: No signature of method: org.eclipse.jgit.internal.storage.file.FileRepository.setBare() is applicable for argument types: (java.lang.Boolean) values: [true]
Possible solutions: isBare(), getTags(), getBranch(), create(boolean), create(boolean)
	at org.codehaus.groovy.jsr223.GroovyScriptEngineImpl.eval(GroovyScriptEngineImpl.java:158) ~[groovy-all-2.4.12.jar:2.4.12]
	at javax.script.AbstractScriptEngine.eval(AbstractScriptEngine.java:233) ~[?:1.8.0_171]
	at org.apache.jmeter.util.JSR223TestElement.processFileOrScript(JSR223TestElement.java:222) ~[ApacheJMeter_core.jar:3.3 r1808647]
	at org.apache.jmeter.protocol.java.sampler.JSR223Sampler.sample(JSR223Sampler.java:69) [ApacheJMeter_java.jar:3.3 r1808647]
	at org.apache.jmeter.threads.JMeterThread.executeSamplePackage(JMeterThread.java:498) [ApacheJMeter_core.jar:3.3 r1808647]
	at org.apache.jmeter.threads.JMeterThread.processSampler(JMeterThread.java:424) [ApacheJMeter_core.jar:3.3 r1808647]
	at org.apache.jmeter.threads.JMeterThread.run(JMeterThread.java:255) [ApacheJMeter_core.jar:3.3 r1808647]
	at java.lang.Thread.run(Thread.java:748) [?:1.8.0_171]
Caused by: javax.script.ScriptException: groovy.lang.MissingMethodException: No signature of method: org.eclipse.jgit.internal.storage.file.FileRepository.setBare() is applicable for argument types: (java.lang.Boolean) values: [true]
Possible solutions: isBare(), getTags(), getBranch(), create(boolean), create(boolean)
	at org.codehaus.groovy.jsr223.GroovyScriptEngineImpl.eval(GroovyScriptEngineImpl.java:320) ~[groovy-all-2.4.12.jar:2.4.12]
	at org.codehaus.groovy.jsr223.GroovyScriptEngineImpl.eval(GroovyScriptEngineImpl.java:155) ~[groovy-all-2.4.12.jar:2.4.12]
	... 7 more
Caused by: groovy.lang.MissingMethodException: No signature of method: org.eclipse.jgit.internal.storage.file.FileRepository.setBare() is applicable for argument types: (java.lang.Boolean) values: [true]
Possible solutions: isBare(), getTags(), getBranch(), create(boolean), create(boolean)
	at org.codehaus.groovy.runtime.ScriptBytecodeAdapter.unwrap(ScriptBytecodeAdapter.java:58) ~[groovy-all-2.4.12.jar:2.4.12]
	at org.codehaus.groovy.runtime.callsite.PojoMetaClassSite.call(PojoMetaClassSite.java:49) ~[groovy-all-2.4.12.jar:2.4.12]
	at org.codehaus.groovy.runtime.callsite.CallSiteArray.defaultCall(CallSiteArray.java:48) ~[groovy-all-2.4.12.jar:2.4.12]
	at org.codehaus.groovy.runtime.callsite.AbstractCallSite.call(AbstractCallSite.java:113) ~[groovy-all-2.4.12.jar:2.4.12]
	at org.codehaus.groovy.runtime.callsite.AbstractCallSite.call(AbstractCallSite.java:125) ~[groovy-all-2.4.12.jar:2.4.12]
	at Script2.run(Script2.groovy:14) ~[?:?]
	at org.codehaus.groovy.jsr223.GroovyScriptEngineImpl.eval(GroovyScriptEngineImpl.java:317) ~[groovy-all-2.4.12.jar:2.4.12]
	at org.codehaus.groovy.jsr223.GroovyScriptEngineImpl.eval(GroovyScriptEngineImpl.java:155) ~[groovy-all-2.4.12.jar:2.4.12]
	... 7 more
2018-08-13 01:28:16,894 INFO o.a.j.t.JMeterThread: Thread is done: Thread Group 1-1
2018-08-13 01:28:16,894 INFO o.a.j.t.JMeterThread: Thread finished: Thread Group 1-1
2018-08-13 01:28:16,895 INFO o.a.j.e.StandardJMeterEngine: Notifying test listeners of end of test
2018-08-13 01:28:16,895 INFO o.a.j.s.FileServer: Close: TestAccounts.csv
2018-08-13 01:28:16,898 INFO o.a.j.v.b.BackendListener: Worker ended
2018-08-13 01:28:16,930 INFO o.a.j.g.u.JMeterMenuBar: setRunning(false, *local*)
2018-08-13 01:29:12,886 INFO o.a.j.e.StandardJMeterEngine: Running the test!
2018-08-13 01:29:12,889 INFO o.a.j.s.SampleEvent: List of sample_variables: []
2018-08-13 01:29:12,911 INFO o.a.j.v.b.BackendListener: Backend Listener: Starting worker with class: class org.apache.jmeter.visualizers.backend.graphite.GraphiteBackendListenerClient and queue capacity: 5000
2018-08-13 01:29:12,912 INFO o.a.j.v.b.BackendListener: Backend Listener: Started  worker with class: class org.apache.jmeter.visualizers.backend.graphite.GraphiteBackendListenerClient
2018-08-13 01:29:12,918 INFO o.a.j.v.b.g.TextGraphiteMetricsSender: Created TextGraphiteMetricsSender with host: localhost, port: 2003, prefix: jmeter.
2018-08-13 01:29:12,932 INFO o.a.j.g.u.JMeterMenuBar: setRunning(true, *local*)
2018-08-13 01:29:13,339 INFO o.a.j.e.StandardJMeterEngine: Starting ThreadGroup: 1 : Thread Group
2018-08-13 01:29:13,339 INFO o.a.j.e.StandardJMeterEngine: Starting 1 threads for group Thread Group.
2018-08-13 01:29:13,340 INFO o.a.j.e.StandardJMeterEngine: Thread will start next loop on error
2018-08-13 01:29:13,340 INFO o.a.j.t.ThreadGroup: Starting thread group... number=1 threads=1 ramp-up=1 perThread=1000.0 delayedStart=false
2018-08-13 01:29:13,344 INFO o.a.j.t.ThreadGroup: Started thread group number 1
2018-08-13 01:29:13,344 INFO o.a.j.e.StandardJMeterEngine: All thread groups have been started
2018-08-13 01:29:13,347 INFO o.a.j.t.JMeterThread: Thread started: Thread Group 1-1
2018-08-13 01:29:13,357 INFO o.a.j.s.FileServer: Stored: TestAccounts.csv
2018-08-13 01:29:13,566 ERROR o.a.j.p.j.s.JSR223Sampler: Problem in JSR223 script Add,Commit,Push, message: javax.script.ScriptException: javax.script.ScriptException: groovy.lang.MissingMethodException: No signature of method: org.eclipse.jgit.api.Git.setBare() is applicable for argument types: (java.lang.Boolean) values: [true]
Possible solutions: rebase()
javax.script.ScriptException: javax.script.ScriptException: groovy.lang.MissingMethodException: No signature of method: org.eclipse.jgit.api.Git.setBare() is applicable for argument types: (java.lang.Boolean) values: [true]
Possible solutions: rebase()
	at org.codehaus.groovy.jsr223.GroovyScriptEngineImpl.eval(GroovyScriptEngineImpl.java:158) ~[groovy-all-2.4.12.jar:2.4.12]
	at javax.script.AbstractScriptEngine.eval(AbstractScriptEngine.java:233) ~[?:1.8.0_171]
	at org.apache.jmeter.util.JSR223TestElement.processFileOrScript(JSR223TestElement.java:222) ~[ApacheJMeter_core.jar:3.3 r1808647]
	at org.apache.jmeter.protocol.java.sampler.JSR223Sampler.sample(JSR223Sampler.java:69) [ApacheJMeter_java.jar:3.3 r1808647]
	at org.apache.jmeter.threads.JMeterThread.executeSamplePackage(JMeterThread.java:498) [ApacheJMeter_core.jar:3.3 r1808647]
	at org.apache.jmeter.threads.JMeterThread.processSampler(JMeterThread.java:424) [ApacheJMeter_core.jar:3.3 r1808647]
	at org.apache.jmeter.threads.JMeterThread.run(JMeterThread.java:255) [ApacheJMeter_core.jar:3.3 r1808647]
	at java.lang.Thread.run(Thread.java:748) [?:1.8.0_171]
Caused by: javax.script.ScriptException: groovy.lang.MissingMethodException: No signature of method: org.eclipse.jgit.api.Git.setBare() is applicable for argument types: (java.lang.Boolean) values: [true]
Possible solutions: rebase()
	at org.codehaus.groovy.jsr223.GroovyScriptEngineImpl.eval(GroovyScriptEngineImpl.java:320) ~[groovy-all-2.4.12.jar:2.4.12]
	at org.codehaus.groovy.jsr223.GroovyScriptEngineImpl.eval(GroovyScriptEngineImpl.java:155) ~[groovy-all-2.4.12.jar:2.4.12]
	... 7 more
Caused by: groovy.lang.MissingMethodException: No signature of method: org.eclipse.jgit.api.Git.setBare() is applicable for argument types: (java.lang.Boolean) values: [true]
Possible solutions: rebase()
	at org.codehaus.groovy.runtime.ScriptBytecodeAdapter.unwrap(ScriptBytecodeAdapter.java:58) ~[groovy-all-2.4.12.jar:2.4.12]
	at org.codehaus.groovy.runtime.callsite.PojoMetaClassSite.call(PojoMetaClassSite.java:49) ~[groovy-all-2.4.12.jar:2.4.12]
	at org.codehaus.groovy.runtime.callsite.CallSiteArray.defaultCall(CallSiteArray.java:48) ~[groovy-all-2.4.12.jar:2.4.12]
	at org.codehaus.groovy.runtime.callsite.AbstractCallSite.call(AbstractCallSite.java:113) ~[groovy-all-2.4.12.jar:2.4.12]
	at org.codehaus.groovy.runtime.callsite.AbstractCallSite.call(AbstractCallSite.java:125) ~[groovy-all-2.4.12.jar:2.4.12]
	at Script3.run(Script3.groovy:17) ~[?:?]
	at org.codehaus.groovy.jsr223.GroovyScriptEngineImpl.eval(GroovyScriptEngineImpl.java:317) ~[groovy-all-2.4.12.jar:2.4.12]
	at org.codehaus.groovy.jsr223.GroovyScriptEngineImpl.eval(GroovyScriptEngineImpl.java:155) ~[groovy-all-2.4.12.jar:2.4.12]
	... 7 more
2018-08-13 01:29:13,584 INFO o.a.j.t.JMeterThread: Thread is done: Thread Group 1-1
2018-08-13 01:29:13,584 INFO o.a.j.t.JMeterThread: Thread finished: Thread Group 1-1
2018-08-13 01:29:13,590 INFO o.a.j.e.StandardJMeterEngine: Notifying test listeners of end of test
2018-08-13 01:29:13,591 INFO o.a.j.s.FileServer: Close: TestAccounts.csv
2018-08-13 01:29:13,592 INFO o.a.j.v.b.BackendListener: Worker ended
2018-08-13 01:29:13,605 INFO o.a.j.g.u.JMeterMenuBar: setRunning(false, *local*)
2018-08-13 02:03:40,580 INFO o.a.j.e.StandardJMeterEngine: Running the test!
2018-08-13 02:03:40,598 INFO o.a.j.s.SampleEvent: List of sample_variables: []
2018-08-13 02:03:40,610 INFO o.a.j.g.u.JMeterMenuBar: setRunning(true, *local*)
2018-08-13 02:03:41,043 INFO o.a.j.e.StandardJMeterEngine: Starting ThreadGroup: 1 : Thread Group
2018-08-13 02:03:41,044 INFO o.a.j.e.StandardJMeterEngine: Starting 1 threads for group Thread Group.
2018-08-13 02:03:41,044 INFO o.a.j.e.StandardJMeterEngine: Thread will start next loop on error
2018-08-13 02:03:41,044 INFO o.a.j.t.ThreadGroup: Starting thread group... number=1 threads=1 ramp-up=1 perThread=1000.0 delayedStart=false
2018-08-13 02:03:41,046 INFO o.a.j.t.ThreadGroup: Started thread group number 1
2018-08-13 02:03:41,047 INFO o.a.j.e.StandardJMeterEngine: All thread groups have been started
2018-08-13 02:03:41,062 INFO o.a.j.t.JMeterThread: Thread started: Thread Group 1-1
2018-08-13 02:03:41,065 INFO o.a.j.s.FileServer: Stored: TestAccounts.csv
2018-08-13 02:03:41,219 ERROR o.a.j.p.j.s.JSR223Sampler: Problem in JSR223 script JSR223 Sampler, message: javax.script.ScriptException: org.codehaus.groovy.control.MultipleCompilationErrorsException: startup failed:
Script4.groovy: 69: unexpected token: } @ line 69, column 5.
       }
       ^

1 error

javax.script.ScriptException: org.codehaus.groovy.control.MultipleCompilationErrorsException: startup failed:
Script4.groovy: 69: unexpected token: } @ line 69, column 5.
       }
       ^

1 error

	at org.codehaus.groovy.jsr223.GroovyScriptEngineImpl.eval(GroovyScriptEngineImpl.java:158) ~[groovy-all-2.4.12.jar:2.4.12]
	at javax.script.AbstractScriptEngine.eval(AbstractScriptEngine.java:233) ~[?:1.8.0_171]
	at org.apache.jmeter.util.JSR223TestElement.processFileOrScript(JSR223TestElement.java:222) ~[ApacheJMeter_core.jar:3.3 r1808647]
	at org.apache.jmeter.protocol.java.sampler.JSR223Sampler.sample(JSR223Sampler.java:69) [ApacheJMeter_java.jar:3.3 r1808647]
	at org.apache.jmeter.threads.JMeterThread.executeSamplePackage(JMeterThread.java:498) [ApacheJMeter_core.jar:3.3 r1808647]
	at org.apache.jmeter.threads.JMeterThread.processSampler(JMeterThread.java:424) [ApacheJMeter_core.jar:3.3 r1808647]
	at org.apache.jmeter.threads.JMeterThread.run(JMeterThread.java:255) [ApacheJMeter_core.jar:3.3 r1808647]
	at java.lang.Thread.run(Thread.java:748) [?:1.8.0_171]
Caused by: org.codehaus.groovy.control.MultipleCompilationErrorsException: startup failed:
Script4.groovy: 69: unexpected token: } @ line 69, column 5.
       }
       ^

1 error

	at org.codehaus.groovy.control.ErrorCollector.failIfErrors(ErrorCollector.java:310) ~[groovy-all-2.4.12.jar:2.4.12]
	at org.codehaus.groovy.control.ErrorCollector.addFatalError(ErrorCollector.java:150) ~[groovy-all-2.4.12.jar:2.4.12]
	at org.codehaus.groovy.control.ErrorCollector.addError(ErrorCollector.java:120) ~[groovy-all-2.4.12.jar:2.4.12]
	at org.codehaus.groovy.control.ErrorCollector.addError(ErrorCollector.java:132) ~[groovy-all-2.4.12.jar:2.4.12]
	at org.codehaus.groovy.control.SourceUnit.addError(SourceUnit.java:350) ~[groovy-all-2.4.12.jar:2.4.12]
	at org.codehaus.groovy.antlr.AntlrParserPlugin.transformCSTIntoAST(AntlrParserPlugin.java:144) ~[groovy-all-2.4.12.jar:2.4.12]
	at org.codehaus.groovy.antlr.AntlrParserPlugin.parseCST(AntlrParserPlugin.java:110) ~[groovy-all-2.4.12.jar:2.4.12]
	at org.codehaus.groovy.control.SourceUnit.parse(SourceUnit.java:234) ~[groovy-all-2.4.12.jar:2.4.12]
	at org.codehaus.groovy.control.CompilationUnit$1.call(CompilationUnit.java:168) ~[groovy-all-2.4.12.jar:2.4.12]
	at org.codehaus.groovy.control.CompilationUnit.applyToSourceUnits(CompilationUnit.java:943) ~[groovy-all-2.4.12.jar:2.4.12]
	at org.codehaus.groovy.control.CompilationUnit.doPhaseOperation(CompilationUnit.java:605) ~[groovy-all-2.4.12.jar:2.4.12]
	at org.codehaus.groovy.control.CompilationUnit.processPhaseOperations(CompilationUnit.java:581) ~[groovy-all-2.4.12.jar:2.4.12]
	at org.codehaus.groovy.control.CompilationUnit.compile(CompilationUnit.java:558) ~[groovy-all-2.4.12.jar:2.4.12]
	at groovy.lang.GroovyClassLoader.doParseClass(GroovyClassLoader.java:298) ~[groovy-all-2.4.12.jar:2.4.12]
	at groovy.lang.GroovyClassLoader.parseClass(GroovyClassLoader.java:268) ~[groovy-all-2.4.12.jar:2.4.12]
	at groovy.lang.GroovyClassLoader.parseClass(GroovyClassLoader.java:254) ~[groovy-all-2.4.12.jar:2.4.12]
	at groovy.lang.GroovyClassLoader.parseClass(GroovyClassLoader.java:211) ~[groovy-all-2.4.12.jar:2.4.12]
	at org.codehaus.groovy.jsr223.GroovyScriptEngineImpl.getScriptClass(GroovyScriptEngineImpl.java:331) ~[groovy-all-2.4.12.jar:2.4.12]
	at org.codehaus.groovy.jsr223.GroovyScriptEngineImpl.eval(GroovyScriptEngineImpl.java:153) ~[groovy-all-2.4.12.jar:2.4.12]
	... 7 more
2018-08-13 02:03:41,227 INFO o.a.j.t.JMeterThread: Thread is done: Thread Group 1-1
2018-08-13 02:03:41,228 INFO o.a.j.t.JMeterThread: Thread finished: Thread Group 1-1
2018-08-13 02:03:41,229 INFO o.a.j.e.StandardJMeterEngine: Notifying test listeners of end of test
2018-08-13 02:03:41,229 INFO o.a.j.s.FileServer: Close: TestAccounts.csv
2018-08-13 02:03:41,230 INFO o.a.j.g.u.JMeterMenuBar: setRunning(false, *local*)
2018-08-13 02:05:15,348 INFO o.a.j.e.StandardJMeterEngine: Running the test!
2018-08-13 02:05:15,351 INFO o.a.j.s.SampleEvent: List of sample_variables: []
2018-08-13 02:05:15,357 INFO o.a.j.g.u.JMeterMenuBar: setRunning(true, *local*)
2018-08-13 02:05:15,641 INFO o.a.j.e.StandardJMeterEngine: Starting ThreadGroup: 1 : Thread Group
2018-08-13 02:05:15,641 INFO o.a.j.e.StandardJMeterEngine: Starting 1 threads for group Thread Group.
2018-08-13 02:05:15,641 INFO o.a.j.e.StandardJMeterEngine: Thread will start next loop on error
2018-08-13 02:05:15,641 INFO o.a.j.t.ThreadGroup: Starting thread group... number=1 threads=1 ramp-up=1 perThread=1000.0 delayedStart=false
2018-08-13 02:05:15,642 INFO o.a.j.t.ThreadGroup: Started thread group number 1
2018-08-13 02:05:15,642 INFO o.a.j.e.StandardJMeterEngine: All thread groups have been started
2018-08-13 02:05:15,655 INFO o.a.j.t.JMeterThread: Thread started: Thread Group 1-1
2018-08-13 02:05:15,668 INFO o.a.j.s.FileServer: Stored: TestAccounts.csv
2018-08-13 02:05:15,967 ERROR o.a.j.p.j.s.JSR223Sampler: Problem in JSR223 script JSR223 Sampler, message: javax.script.ScriptException: org.codehaus.groovy.control.MultipleCompilationErrorsException: startup failed:
Script5.groovy: 22: unable to resolve class CloneCommand 
 @ line 22, column 14.
   CloneCommand cc = new CloneCommand()
                ^

Script5.groovy: 22: unable to resolve class CloneCommand 
 @ line 22, column 19.
   CloneCommand cc = new CloneCommand()
                     ^

Script5.groovy: 32: unable to resolve class NoFilepatternException 
 @ line 32, column 7.
       } catch (NoFilepatternException e) {
         ^

Script5.groovy: 42: unable to resolve class NoHeadException 
 @ line 42, column 11.
           } catch (NoHeadException e) {
             ^

Script5.groovy: 44: unable to resolve class NoMessageException 
 @ line 44, column 11.
           } catch (NoMessageException e) {
             ^

Script5.groovy: 46: unable to resolve class UnmergedPathException 
 @ line 46, column 11.
           } catch (UnmergedPathException e) {
             ^

Script5.groovy: 48: unable to resolve class ConcurrentRefUpdateException 
 @ line 48, column 11.
           } catch (ConcurrentRefUpdateException e) {
             ^

Script5.groovy: 50: unable to resolve class WrongRepositoryStateException 
 @ line 50, column 11.
           } catch (WrongRepositoryStateException e) {
             ^

Script5.groovy: 59: unable to resolve class PushResult 
 @ line 59, column 22.
               Iterator<PushResult> it = pc.call().iterator();
                        ^

Script5.groovy: 63: unable to resolve class InvalidRemoteException 
 @ line 63, column 11.
           } catch (InvalidRemoteException e) {
             ^

10 errors

javax.script.ScriptException: org.codehaus.groovy.control.MultipleCompilationErrorsException: startup failed:
Script5.groovy: 22: unable to resolve class CloneCommand 
 @ line 22, column 14.
   CloneCommand cc = new CloneCommand()
                ^

Script5.groovy: 22: unable to resolve class CloneCommand 
 @ line 22, column 19.
   CloneCommand cc = new CloneCommand()
                     ^

Script5.groovy: 32: unable to resolve class NoFilepatternException 
 @ line 32, column 7.
       } catch (NoFilepatternException e) {
         ^

Script5.groovy: 42: unable to resolve class NoHeadException 
 @ line 42, column 11.
           } catch (NoHeadException e) {
             ^

Script5.groovy: 44: unable to resolve class NoMessageException 
 @ line 44, column 11.
           } catch (NoMessageException e) {
             ^

Script5.groovy: 46: unable to resolve class UnmergedPathException 
 @ line 46, column 11.
           } catch (UnmergedPathException e) {
             ^

Script5.groovy: 48: unable to resolve class ConcurrentRefUpdateException 
 @ line 48, column 11.
           } catch (ConcurrentRefUpdateException e) {
             ^

Script5.groovy: 50: unable to resolve class WrongRepositoryStateException 
 @ line 50, column 11.
           } catch (WrongRepositoryStateException e) {
             ^

Script5.groovy: 59: unable to resolve class PushResult 
 @ line 59, column 22.
               Iterator<PushResult> it = pc.call().iterator();
                        ^

Script5.groovy: 63: unable to resolve class InvalidRemoteException 
 @ line 63, column 11.
           } catch (InvalidRemoteException e) {
             ^

10 errors

	at org.codehaus.groovy.jsr223.GroovyScriptEngineImpl.eval(GroovyScriptEngineImpl.java:158) ~[groovy-all-2.4.12.jar:2.4.12]
	at javax.script.AbstractScriptEngine.eval(AbstractScriptEngine.java:233) ~[?:1.8.0_171]
	at org.apache.jmeter.util.JSR223TestElement.processFileOrScript(JSR223TestElement.java:222) ~[ApacheJMeter_core.jar:3.3 r1808647]
	at org.apache.jmeter.protocol.java.sampler.JSR223Sampler.sample(JSR223Sampler.java:69) [ApacheJMeter_java.jar:3.3 r1808647]
	at org.apache.jmeter.threads.JMeterThread.executeSamplePackage(JMeterThread.java:498) [ApacheJMeter_core.jar:3.3 r1808647]
	at org.apache.jmeter.threads.JMeterThread.processSampler(JMeterThread.java:424) [ApacheJMeter_core.jar:3.3 r1808647]
	at org.apache.jmeter.threads.JMeterThread.run(JMeterThread.java:255) [ApacheJMeter_core.jar:3.3 r1808647]
	at java.lang.Thread.run(Thread.java:748) [?:1.8.0_171]
Caused by: org.codehaus.groovy.control.MultipleCompilationErrorsException: startup failed:
Script5.groovy: 22: unable to resolve class CloneCommand 
 @ line 22, column 14.
   CloneCommand cc = new CloneCommand()
                ^

Script5.groovy: 22: unable to resolve class CloneCommand 
 @ line 22, column 19.
   CloneCommand cc = new CloneCommand()
                     ^

Script5.groovy: 32: unable to resolve class NoFilepatternException 
 @ line 32, column 7.
       } catch (NoFilepatternException e) {
         ^

Script5.groovy: 42: unable to resolve class NoHeadException 
 @ line 42, column 11.
           } catch (NoHeadException e) {
             ^

Script5.groovy: 44: unable to resolve class NoMessageException 
 @ line 44, column 11.
           } catch (NoMessageException e) {
             ^

Script5.groovy: 46: unable to resolve class UnmergedPathException 
 @ line 46, column 11.
           } catch (UnmergedPathException e) {
             ^

Script5.groovy: 48: unable to resolve class ConcurrentRefUpdateException 
 @ line 48, column 11.
           } catch (ConcurrentRefUpdateException e) {
             ^

Script5.groovy: 50: unable to resolve class WrongRepositoryStateException 
 @ line 50, column 11.
           } catch (WrongRepositoryStateException e) {
             ^

Script5.groovy: 59: unable to resolve class PushResult 
 @ line 59, column 22.
               Iterator<PushResult> it = pc.call().iterator();
                        ^

Script5.groovy: 63: unable to resolve class InvalidRemoteException 
 @ line 63, column 11.
           } catch (InvalidRemoteException e) {
             ^

10 errors

	at org.codehaus.groovy.control.ErrorCollector.failIfErrors(ErrorCollector.java:310) ~[groovy-all-2.4.12.jar:2.4.12]
	at org.codehaus.groovy.control.CompilationUnit.applyToSourceUnits(CompilationUnit.java:958) ~[groovy-all-2.4.12.jar:2.4.12]
	at org.codehaus.groovy.control.CompilationUnit.doPhaseOperation(CompilationUnit.java:605) ~[groovy-all-2.4.12.jar:2.4.12]
	at org.codehaus.groovy.control.CompilationUnit.compile(CompilationUnit.java:554) ~[groovy-all-2.4.12.jar:2.4.12]
	at groovy.lang.GroovyClassLoader.doParseClass(GroovyClassLoader.java:298) ~[groovy-all-2.4.12.jar:2.4.12]
	at groovy.lang.GroovyClassLoader.parseClass(GroovyClassLoader.java:268) ~[groovy-all-2.4.12.jar:2.4.12]
	at groovy.lang.GroovyClassLoader.parseClass(GroovyClassLoader.java:254) ~[groovy-all-2.4.12.jar:2.4.12]
	at groovy.lang.GroovyClassLoader.parseClass(GroovyClassLoader.java:211) ~[groovy-all-2.4.12.jar:2.4.12]
	at org.codehaus.groovy.jsr223.GroovyScriptEngineImpl.getScriptClass(GroovyScriptEngineImpl.java:331) ~[groovy-all-2.4.12.jar:2.4.12]
	at org.codehaus.groovy.jsr223.GroovyScriptEngineImpl.eval(GroovyScriptEngineImpl.java:153) ~[groovy-all-2.4.12.jar:2.4.12]
	... 7 more
2018-08-13 02:05:15,971 INFO o.a.j.t.JMeterThread: Thread is done: Thread Group 1-1
2018-08-13 02:05:15,971 INFO o.a.j.t.JMeterThread: Thread finished: Thread Group 1-1
2018-08-13 02:05:15,972 INFO o.a.j.e.StandardJMeterEngine: Notifying test listeners of end of test
2018-08-13 02:05:15,972 INFO o.a.j.s.FileServer: Close: TestAccounts.csv
2018-08-13 02:05:15,973 INFO o.a.j.g.u.JMeterMenuBar: setRunning(false, *local*)
2018-08-13 02:05:55,783 INFO o.a.j.e.StandardJMeterEngine: Running the test!
2018-08-13 02:05:55,783 INFO o.a.j.s.SampleEvent: List of sample_variables: []
2018-08-13 02:05:55,802 INFO o.a.j.g.u.JMeterMenuBar: setRunning(true, *local*)
2018-08-13 02:05:56,113 INFO o.a.j.e.StandardJMeterEngine: Starting ThreadGroup: 1 : Thread Group
2018-08-13 02:05:56,113 INFO o.a.j.e.StandardJMeterEngine: Starting 1 threads for group Thread Group.
2018-08-13 02:05:56,113 INFO o.a.j.e.StandardJMeterEngine: Thread will start next loop on error
2018-08-13 02:05:56,113 INFO o.a.j.t.ThreadGroup: Starting thread group... number=1 threads=1 ramp-up=1 perThread=1000.0 delayedStart=false
2018-08-13 02:05:56,118 INFO o.a.j.t.ThreadGroup: Started thread group number 1
2018-08-13 02:05:56,118 INFO o.a.j.e.StandardJMeterEngine: All thread groups have been started
2018-08-13 02:05:56,119 INFO o.a.j.t.JMeterThread: Thread started: Thread Group 1-1
2018-08-13 02:05:56,120 INFO o.a.j.s.FileServer: Stored: TestAccounts.csv
2018-08-13 02:05:56,261 ERROR o.a.j.p.j.s.JSR223Sampler: Problem in JSR223 script JSR223 Sampler, message: javax.script.ScriptException: org.codehaus.groovy.control.MultipleCompilationErrorsException: startup failed:
Script6.groovy: 33: unable to resolve class NoFilepatternException 
 @ line 33, column 7.
       } catch (NoFilepatternException e) {
         ^

Script6.groovy: 43: unable to resolve class NoHeadException 
 @ line 43, column 11.
           } catch (NoHeadException e) {
             ^

Script6.groovy: 45: unable to resolve class NoMessageException 
 @ line 45, column 11.
           } catch (NoMessageException e) {
             ^

Script6.groovy: 47: unable to resolve class UnmergedPathException 
 @ line 47, column 11.
           } catch (UnmergedPathException e) {
             ^

Script6.groovy: 49: unable to resolve class ConcurrentRefUpdateException 
 @ line 49, column 11.
           } catch (ConcurrentRefUpdateException e) {
             ^

Script6.groovy: 51: unable to resolve class WrongRepositoryStateException 
 @ line 51, column 11.
           } catch (WrongRepositoryStateException e) {
             ^

Script6.groovy: 60: unable to resolve class PushResult 
 @ line 60, column 22.
               Iterator<PushResult> it = pc.call().iterator();
                        ^

Script6.groovy: 64: unable to resolve class InvalidRemoteException 
 @ line 64, column 11.
           } catch (InvalidRemoteException e) {
             ^

8 errors

javax.script.ScriptException: org.codehaus.groovy.control.MultipleCompilationErrorsException: startup failed:
Script6.groovy: 33: unable to resolve class NoFilepatternException 
 @ line 33, column 7.
       } catch (NoFilepatternException e) {
         ^

Script6.groovy: 43: unable to resolve class NoHeadException 
 @ line 43, column 11.
           } catch (NoHeadException e) {
             ^

Script6.groovy: 45: unable to resolve class NoMessageException 
 @ line 45, column 11.
           } catch (NoMessageException e) {
             ^

Script6.groovy: 47: unable to resolve class UnmergedPathException 
 @ line 47, column 11.
           } catch (UnmergedPathException e) {
             ^

Script6.groovy: 49: unable to resolve class ConcurrentRefUpdateException 
 @ line 49, column 11.
           } catch (ConcurrentRefUpdateException e) {
             ^

Script6.groovy: 51: unable to resolve class WrongRepositoryStateException 
 @ line 51, column 11.
           } catch (WrongRepositoryStateException e) {
             ^

Script6.groovy: 60: unable to resolve class PushResult 
 @ line 60, column 22.
               Iterator<PushResult> it = pc.call().iterator();
                        ^

Script6.groovy: 64: unable to resolve class InvalidRemoteException 
 @ line 64, column 11.
           } catch (InvalidRemoteException e) {
             ^

8 errors

	at org.codehaus.groovy.jsr223.GroovyScriptEngineImpl.eval(GroovyScriptEngineImpl.java:158) ~[groovy-all-2.4.12.jar:2.4.12]
	at javax.script.AbstractScriptEngine.eval(AbstractScriptEngine.java:233) ~[?:1.8.0_171]
	at org.apache.jmeter.util.JSR223TestElement.processFileOrScript(JSR223TestElement.java:222) ~[ApacheJMeter_core.jar:3.3 r1808647]
	at org.apache.jmeter.protocol.java.sampler.JSR223Sampler.sample(JSR223Sampler.java:69) [ApacheJMeter_java.jar:3.3 r1808647]
	at org.apache.jmeter.threads.JMeterThread.executeSamplePackage(JMeterThread.java:498) [ApacheJMeter_core.jar:3.3 r1808647]
	at org.apache.jmeter.threads.JMeterThread.processSampler(JMeterThread.java:424) [ApacheJMeter_core.jar:3.3 r1808647]
	at org.apache.jmeter.threads.JMeterThread.run(JMeterThread.java:255) [ApacheJMeter_core.jar:3.3 r1808647]
	at java.lang.Thread.run(Thread.java:748) [?:1.8.0_171]
Caused by: org.codehaus.groovy.control.MultipleCompilationErrorsException: startup failed:
Script6.groovy: 33: unable to resolve class NoFilepatternException 
 @ line 33, column 7.
       } catch (NoFilepatternException e) {
         ^

Script6.groovy: 43: unable to resolve class NoHeadException 
 @ line 43, column 11.
           } catch (NoHeadException e) {
             ^

Script6.groovy: 45: unable to resolve class NoMessageException 
 @ line 45, column 11.
           } catch (NoMessageException e) {
             ^

Script6.groovy: 47: unable to resolve class UnmergedPathException 
 @ line 47, column 11.
           } catch (UnmergedPathException e) {
             ^

Script6.groovy: 49: unable to resolve class ConcurrentRefUpdateException 
 @ line 49, column 11.
           } catch (ConcurrentRefUpdateException e) {
             ^

Script6.groovy: 51: unable to resolve class WrongRepositoryStateException 
 @ line 51, column 11.
           } catch (WrongRepositoryStateException e) {
             ^

Script6.groovy: 60: unable to resolve class PushResult 
 @ line 60, column 22.
               Iterator<PushResult> it = pc.call().iterator();
                        ^

Script6.groovy: 64: unable to resolve class InvalidRemoteException 
 @ line 64, column 11.
           } catch (InvalidRemoteException e) {
             ^

8 errors

	at org.codehaus.groovy.control.ErrorCollector.failIfErrors(ErrorCollector.java:310) ~[groovy-all-2.4.12.jar:2.4.12]
	at org.codehaus.groovy.control.CompilationUnit.applyToSourceUnits(CompilationUnit.java:958) ~[groovy-all-2.4.12.jar:2.4.12]
	at org.codehaus.groovy.control.CompilationUnit.doPhaseOperation(CompilationUnit.java:605) ~[groovy-all-2.4.12.jar:2.4.12]
	at org.codehaus.groovy.control.CompilationUnit.compile(CompilationUnit.java:554) ~[groovy-all-2.4.12.jar:2.4.12]
	at groovy.lang.GroovyClassLoader.doParseClass(GroovyClassLoader.java:298) ~[groovy-all-2.4.12.jar:2.4.12]
	at groovy.lang.GroovyClassLoader.parseClass(GroovyClassLoader.java:268) ~[groovy-all-2.4.12.jar:2.4.12]
	at groovy.lang.GroovyClassLoader.parseClass(GroovyClassLoader.java:254) ~[groovy-all-2.4.12.jar:2.4.12]
	at groovy.lang.GroovyClassLoader.parseClass(GroovyClassLoader.java:211) ~[groovy-all-2.4.12.jar:2.4.12]
	at org.codehaus.groovy.jsr223.GroovyScriptEngineImpl.getScriptClass(GroovyScriptEngineImpl.java:331) ~[groovy-all-2.4.12.jar:2.4.12]
	at org.codehaus.groovy.jsr223.GroovyScriptEngineImpl.eval(GroovyScriptEngineImpl.java:153) ~[groovy-all-2.4.12.jar:2.4.12]
	... 7 more
2018-08-13 02:05:56,264 INFO o.a.j.t.JMeterThread: Thread is done: Thread Group 1-1
2018-08-13 02:05:56,264 INFO o.a.j.t.JMeterThread: Thread finished: Thread Group 1-1
2018-08-13 02:05:56,266 INFO o.a.j.e.StandardJMeterEngine: Notifying test listeners of end of test
2018-08-13 02:05:56,266 INFO o.a.j.s.FileServer: Close: TestAccounts.csv
2018-08-13 02:05:56,271 INFO o.a.j.g.u.JMeterMenuBar: setRunning(false, *local*)
2018-08-13 02:09:36,709 INFO o.a.j.e.StandardJMeterEngine: Running the test!
2018-08-13 02:09:36,710 INFO o.a.j.s.SampleEvent: List of sample_variables: []
2018-08-13 02:09:36,728 INFO o.a.j.g.u.JMeterMenuBar: setRunning(true, *local*)
2018-08-13 02:09:36,942 INFO o.a.j.e.StandardJMeterEngine: Starting ThreadGroup: 1 : Thread Group
2018-08-13 02:09:36,943 INFO o.a.j.e.StandardJMeterEngine: Starting 1 threads for group Thread Group.
2018-08-13 02:09:36,943 INFO o.a.j.e.StandardJMeterEngine: Thread will start next loop on error
2018-08-13 02:09:36,943 INFO o.a.j.t.ThreadGroup: Starting thread group... number=1 threads=1 ramp-up=1 perThread=1000.0 delayedStart=false
2018-08-13 02:09:36,959 INFO o.a.j.t.ThreadGroup: Started thread group number 1
2018-08-13 02:09:36,959 INFO o.a.j.e.StandardJMeterEngine: All thread groups have been started
2018-08-13 02:09:36,969 INFO o.a.j.t.JMeterThread: Thread started: Thread Group 1-1
2018-08-13 02:09:36,973 INFO o.a.j.s.FileServer: Stored: TestAccounts.csv
2018-08-13 02:09:37,126 ERROR o.a.j.p.j.s.JSR223Sampler: Problem in JSR223 script JSR223 Sampler, message: javax.script.ScriptException: org.codehaus.groovy.control.MultipleCompilationErrorsException: startup failed:
Script7.groovy: 60: unable to resolve class PushResult 
 @ line 60, column 22.
               Iterator<PushResult> it = pc.call().iterator();
                        ^

1 error

javax.script.ScriptException: org.codehaus.groovy.control.MultipleCompilationErrorsException: startup failed:
Script7.groovy: 60: unable to resolve class PushResult 
 @ line 60, column 22.
               Iterator<PushResult> it = pc.call().iterator();
                        ^

1 error

	at org.codehaus.groovy.jsr223.GroovyScriptEngineImpl.eval(GroovyScriptEngineImpl.java:158) ~[groovy-all-2.4.12.jar:2.4.12]
	at javax.script.AbstractScriptEngine.eval(AbstractScriptEngine.java:233) ~[?:1.8.0_171]
	at org.apache.jmeter.util.JSR223TestElement.processFileOrScript(JSR223TestElement.java:222) ~[ApacheJMeter_core.jar:3.3 r1808647]
	at org.apache.jmeter.protocol.java.sampler.JSR223Sampler.sample(JSR223Sampler.java:69) [ApacheJMeter_java.jar:3.3 r1808647]
	at org.apache.jmeter.threads.JMeterThread.executeSamplePackage(JMeterThread.java:498) [ApacheJMeter_core.jar:3.3 r1808647]
	at org.apache.jmeter.threads.JMeterThread.processSampler(JMeterThread.java:424) [ApacheJMeter_core.jar:3.3 r1808647]
	at org.apache.jmeter.threads.JMeterThread.run(JMeterThread.java:255) [ApacheJMeter_core.jar:3.3 r1808647]
	at java.lang.Thread.run(Thread.java:748) [?:1.8.0_171]
Caused by: org.codehaus.groovy.control.MultipleCompilationErrorsException: startup failed:
Script7.groovy: 60: unable to resolve class PushResult 
 @ line 60, column 22.
               Iterator<PushResult> it = pc.call().iterator();
                        ^

1 error

	at org.codehaus.groovy.control.ErrorCollector.failIfErrors(ErrorCollector.java:310) ~[groovy-all-2.4.12.jar:2.4.12]
	at org.codehaus.groovy.control.CompilationUnit.applyToSourceUnits(CompilationUnit.java:958) ~[groovy-all-2.4.12.jar:2.4.12]
	at org.codehaus.groovy.control.CompilationUnit.doPhaseOperation(CompilationUnit.java:605) ~[groovy-all-2.4.12.jar:2.4.12]
	at org.codehaus.groovy.control.CompilationUnit.compile(CompilationUnit.java:554) ~[groovy-all-2.4.12.jar:2.4.12]
	at groovy.lang.GroovyClassLoader.doParseClass(GroovyClassLoader.java:298) ~[groovy-all-2.4.12.jar:2.4.12]
	at groovy.lang.GroovyClassLoader.parseClass(GroovyClassLoader.java:268) ~[groovy-all-2.4.12.jar:2.4.12]
	at groovy.lang.GroovyClassLoader.parseClass(GroovyClassLoader.java:254) ~[groovy-all-2.4.12.jar:2.4.12]
	at groovy.lang.GroovyClassLoader.parseClass(GroovyClassLoader.java:211) ~[groovy-all-2.4.12.jar:2.4.12]
	at org.codehaus.groovy.jsr223.GroovyScriptEngineImpl.getScriptClass(GroovyScriptEngineImpl.java:331) ~[groovy-all-2.4.12.jar:2.4.12]
	at org.codehaus.groovy.jsr223.GroovyScriptEngineImpl.eval(GroovyScriptEngineImpl.java:153) ~[groovy-all-2.4.12.jar:2.4.12]
	... 7 more
2018-08-13 02:09:37,132 INFO o.a.j.t.JMeterThread: Thread is done: Thread Group 1-1
2018-08-13 02:09:37,133 INFO o.a.j.t.JMeterThread: Thread finished: Thread Group 1-1
2018-08-13 02:09:37,133 INFO o.a.j.e.StandardJMeterEngine: Notifying test listeners of end of test
2018-08-13 02:09:37,134 INFO o.a.j.s.FileServer: Close: TestAccounts.csv
2018-08-13 02:09:37,135 INFO o.a.j.g.u.JMeterMenuBar: setRunning(false, *local*)
2018-08-13 02:10:56,632 INFO o.a.j.e.StandardJMeterEngine: Running the test!
2018-08-13 02:10:56,634 INFO o.a.j.s.SampleEvent: List of sample_variables: []
2018-08-13 02:10:56,644 INFO o.a.j.g.u.JMeterMenuBar: setRunning(true, *local*)
2018-08-13 02:10:56,911 INFO o.a.j.e.StandardJMeterEngine: Starting ThreadGroup: 1 : Thread Group
2018-08-13 02:10:56,911 INFO o.a.j.e.StandardJMeterEngine: Starting 1 threads for group Thread Group.
2018-08-13 02:10:56,912 INFO o.a.j.e.StandardJMeterEngine: Thread will start next loop on error
2018-08-13 02:10:56,912 INFO o.a.j.t.ThreadGroup: Starting thread group... number=1 threads=1 ramp-up=1 perThread=1000.0 delayedStart=false
2018-08-13 02:10:56,912 INFO o.a.j.t.ThreadGroup: Started thread group number 1
2018-08-13 02:10:56,913 INFO o.a.j.e.StandardJMeterEngine: All thread groups have been started
2018-08-13 02:10:56,919 INFO o.a.j.t.JMeterThread: Thread started: Thread Group 1-1
2018-08-13 02:10:56,923 INFO o.a.j.s.FileServer: Stored: TestAccounts.csv
2018-08-13 02:12:55,208 INFO o.a.j.t.JMeterThread: Thread is done: Thread Group 1-1
2018-08-13 02:12:55,208 INFO o.a.j.t.JMeterThread: Thread finished: Thread Group 1-1
2018-08-13 02:12:55,213 INFO o.a.j.e.StandardJMeterEngine: Notifying test listeners of end of test
2018-08-13 02:12:55,213 INFO o.a.j.s.FileServer: Close: TestAccounts.csv
2018-08-13 02:12:55,215 INFO o.a.j.g.u.JMeterMenuBar: setRunning(false, *local*)
2018-08-13 02:15:31,247 INFO o.a.j.e.StandardJMeterEngine: Running the test!
2018-08-13 02:15:31,350 INFO o.a.j.s.SampleEvent: List of sample_variables: []
2018-08-13 02:15:31,362 INFO o.a.j.g.u.JMeterMenuBar: setRunning(true, *local*)
2018-08-13 02:15:32,026 INFO o.a.j.e.StandardJMeterEngine: Starting ThreadGroup: 1 : Thread Group
2018-08-13 02:15:32,027 INFO o.a.j.e.StandardJMeterEngine: Starting 1 threads for group Thread Group.
2018-08-13 02:15:32,027 INFO o.a.j.e.StandardJMeterEngine: Thread will start next loop on error
2018-08-13 02:15:32,027 INFO o.a.j.t.ThreadGroup: Starting thread group... number=1 threads=1 ramp-up=1 perThread=1000.0 delayedStart=false
2018-08-13 02:15:32,029 INFO o.a.j.t.ThreadGroup: Started thread group number 1
2018-08-13 02:15:32,029 INFO o.a.j.e.StandardJMeterEngine: All thread groups have been started
2018-08-13 02:15:32,034 INFO o.a.j.t.JMeterThread: Thread started: Thread Group 1-1
2018-08-13 02:15:32,036 INFO o.a.j.s.FileServer: Stored: TestAccounts.csv
2018-08-13 02:15:32,210 ERROR o.a.j.p.j.s.JSR223Sampler: Problem in JSR223 script JSR223 Sampler, message: javax.script.ScriptException: javax.script.ScriptException: org.eclipse.jgit.api.errors.JGitInternalException: Destination path "Jgi" already exists and is not an empty directory
javax.script.ScriptException: javax.script.ScriptException: org.eclipse.jgit.api.errors.JGitInternalException: Destination path "Jgi" already exists and is not an empty directory
	at org.codehaus.groovy.jsr223.GroovyScriptEngineImpl.eval(GroovyScriptEngineImpl.java:158) ~[groovy-all-2.4.12.jar:2.4.12]
	at javax.script.AbstractScriptEngine.eval(AbstractScriptEngine.java:233) ~[?:1.8.0_171]
	at org.apache.jmeter.util.JSR223TestElement.processFileOrScript(JSR223TestElement.java:222) ~[ApacheJMeter_core.jar:3.3 r1808647]
	at org.apache.jmeter.protocol.java.sampler.JSR223Sampler.sample(JSR223Sampler.java:69) [ApacheJMeter_java.jar:3.3 r1808647]
	at org.apache.jmeter.threads.JMeterThread.executeSamplePackage(JMeterThread.java:498) [ApacheJMeter_core.jar:3.3 r1808647]
	at org.apache.jmeter.threads.JMeterThread.processSampler(JMeterThread.java:424) [ApacheJMeter_core.jar:3.3 r1808647]
	at org.apache.jmeter.threads.JMeterThread.run(JMeterThread.java:255) [ApacheJMeter_core.jar:3.3 r1808647]
	at java.lang.Thread.run(Thread.java:748) [?:1.8.0_171]
Caused by: javax.script.ScriptException: org.eclipse.jgit.api.errors.JGitInternalException: Destination path "Jgi" already exists and is not an empty directory
	at org.codehaus.groovy.jsr223.GroovyScriptEngineImpl.eval(GroovyScriptEngineImpl.java:320) ~[groovy-all-2.4.12.jar:2.4.12]
	at org.codehaus.groovy.jsr223.GroovyScriptEngineImpl.eval(GroovyScriptEngineImpl.java:155) ~[groovy-all-2.4.12.jar:2.4.12]
	... 7 more
Caused by: org.eclipse.jgit.api.errors.JGitInternalException: Destination path "Jgi" already exists and is not an empty directory
	at org.eclipse.jgit.api.CloneCommand.verifyDirectories(CloneCommand.java:253) ~[org.eclipse.jgit-5.0.1.201806211838-r.jar:5.0.1.201806211838-r]
	at org.eclipse.jgit.api.CloneCommand.call(CloneCommand.java:189) ~[org.eclipse.jgit-5.0.1.201806211838-r.jar:5.0.1.201806211838-r]
	at org.eclipse.jgit.api.CloneCommand.call(CloneCommand.java:1) ~[org.eclipse.jgit-5.0.1.201806211838-r.jar:5.0.1.201806211838-r]
	at java_util_concurrent_Callable$call.call(Unknown Source) ~[?:?]
	at org.codehaus.groovy.runtime.callsite.CallSiteArray.defaultCall(CallSiteArray.java:48) ~[groovy-all-2.4.12.jar:2.4.12]
	at org.codehaus.groovy.runtime.callsite.AbstractCallSite.call(AbstractCallSite.java:113) ~[groovy-all-2.4.12.jar:2.4.12]
	at org.codehaus.groovy.runtime.callsite.AbstractCallSite.call(AbstractCallSite.java:117) ~[groovy-all-2.4.12.jar:2.4.12]
	at Script9.run(Script9.groovy:28) ~[?:?]
	at org.codehaus.groovy.jsr223.GroovyScriptEngineImpl.eval(GroovyScriptEngineImpl.java:317) ~[groovy-all-2.4.12.jar:2.4.12]
	at org.codehaus.groovy.jsr223.GroovyScriptEngineImpl.eval(GroovyScriptEngineImpl.java:155) ~[groovy-all-2.4.12.jar:2.4.12]
	... 7 more
2018-08-13 02:15:32,374 ERROR o.a.j.p.j.s.JSR223Sampler: Problem in JSR223 script JSR223 Sampler, message: javax.script.ScriptException: javax.script.ScriptException: org.eclipse.jgit.api.errors.JGitInternalException: Destination path "Jgi" already exists and is not an empty directory
javax.script.ScriptException: javax.script.ScriptException: org.eclipse.jgit.api.errors.JGitInternalException: Destination path "Jgi" already exists and is not an empty directory
	at org.codehaus.groovy.jsr223.GroovyScriptEngineImpl.eval(GroovyScriptEngineImpl.java:158) ~[groovy-all-2.4.12.jar:2.4.12]
	at javax.script.AbstractScriptEngine.eval(AbstractScriptEngine.java:233) ~[?:1.8.0_171]
	at org.apache.jmeter.util.JSR223TestElement.processFileOrScript(JSR223TestElement.java:222) ~[ApacheJMeter_core.jar:3.3 r1808647]
	at org.apache.jmeter.protocol.java.sampler.JSR223Sampler.sample(JSR223Sampler.java:69) [ApacheJMeter_java.jar:3.3 r1808647]
	at org.apache.jmeter.threads.JMeterThread.executeSamplePackage(JMeterThread.java:498) [ApacheJMeter_core.jar:3.3 r1808647]
	at org.apache.jmeter.threads.JMeterThread.processSampler(JMeterThread.java:424) [ApacheJMeter_core.jar:3.3 r1808647]
	at org.apache.jmeter.threads.JMeterThread.run(JMeterThread.java:255) [ApacheJMeter_core.jar:3.3 r1808647]
	at java.lang.Thread.run(Thread.java:748) [?:1.8.0_171]
Caused by: javax.script.ScriptException: org.eclipse.jgit.api.errors.JGitInternalException: Destination path "Jgi" already exists and is not an empty directory
	at org.codehaus.groovy.jsr223.GroovyScriptEngineImpl.eval(GroovyScriptEngineImpl.java:320) ~[groovy-all-2.4.12.jar:2.4.12]
	at org.codehaus.groovy.jsr223.GroovyScriptEngineImpl.eval(GroovyScriptEngineImpl.java:155) ~[groovy-all-2.4.12.jar:2.4.12]
	... 7 more
Caused by: org.eclipse.jgit.api.errors.JGitInternalException: Destination path "Jgi" already exists and is not an empty directory
	at org.eclipse.jgit.api.CloneCommand.verifyDirectories(CloneCommand.java:253) ~[org.eclipse.jgit-5.0.1.201806211838-r.jar:5.0.1.201806211838-r]
	at org.eclipse.jgit.api.CloneCommand.call(CloneCommand.java:189) ~[org.eclipse.jgit-5.0.1.201806211838-r.jar:5.0.1.201806211838-r]
	at org.eclipse.jgit.api.CloneCommand.call(CloneCommand.java:1) ~[org.eclipse.jgit-5.0.1.201806211838-r.jar:5.0.1.201806211838-r]
	at java_util_concurrent_Callable$call.call(Unknown Source) ~[?:?]
	at org.codehaus.groovy.runtime.callsite.CallSiteArray.defaultCall(CallSiteArray.java:48) ~[groovy-all-2.4.12.jar:2.4.12]
	at org.codehaus.groovy.runtime.callsite.AbstractCallSite.call(AbstractCallSite.java:113) ~[groovy-all-2.4.12.jar:2.4.12]
	at org.codehaus.groovy.runtime.callsite.AbstractCallSite.call(AbstractCallSite.java:117) ~[groovy-all-2.4.12.jar:2.4.12]
	at Script10.run(Script10.groovy:28) ~[?:?]
	at org.codehaus.groovy.jsr223.GroovyScriptEngineImpl.eval(GroovyScriptEngineImpl.java:317) ~[groovy-all-2.4.12.jar:2.4.12]
	at org.codehaus.groovy.jsr223.GroovyScriptEngineImpl.eval(GroovyScriptEngineImpl.java:155) ~[groovy-all-2.4.12.jar:2.4.12]
	... 7 more
2018-08-13 02:15:32,382 INFO o.a.j.t.JMeterThread: Thread is done: Thread Group 1-1
2018-08-13 02:15:32,382 INFO o.a.j.t.JMeterThread: Thread finished: Thread Group 1-1
2018-08-13 02:15:32,383 INFO o.a.j.e.StandardJMeterEngine: Notifying test listeners of end of test
2018-08-13 02:15:32,383 INFO o.a.j.s.FileServer: Close: TestAccounts.csv
2018-08-13 02:15:32,386 INFO o.a.j.g.u.JMeterMenuBar: setRunning(false, *local*)
2018-08-13 02:16:54,386 INFO o.a.j.e.StandardJMeterEngine: Running the test!
2018-08-13 02:16:54,386 INFO o.a.j.s.SampleEvent: List of sample_variables: []
2018-08-13 02:16:54,434 INFO o.a.j.g.u.JMeterMenuBar: setRunning(true, *local*)
2018-08-13 02:16:54,884 INFO o.a.j.e.StandardJMeterEngine: Starting ThreadGroup: 1 : Thread Group
2018-08-13 02:16:54,884 INFO o.a.j.e.StandardJMeterEngine: Starting 1 threads for group Thread Group.
2018-08-13 02:16:54,884 INFO o.a.j.e.StandardJMeterEngine: Thread will start next loop on error
2018-08-13 02:16:54,884 INFO o.a.j.t.ThreadGroup: Starting thread group... number=1 threads=1 ramp-up=1 perThread=1000.0 delayedStart=false
2018-08-13 02:16:54,885 INFO o.a.j.t.ThreadGroup: Started thread group number 1
2018-08-13 02:16:54,885 INFO o.a.j.e.StandardJMeterEngine: All thread groups have been started
2018-08-13 02:16:54,906 INFO o.a.j.t.JMeterThread: Thread started: Thread Group 1-1
2018-08-13 02:16:54,908 INFO o.a.j.s.FileServer: Stored: TestAccounts.csv
2018-08-13 02:20:22,469 INFO o.a.j.t.JMeterThread: Thread is done: Thread Group 1-1
2018-08-13 02:20:22,498 INFO o.a.j.t.JMeterThread: Thread finished: Thread Group 1-1
2018-08-13 02:20:22,499 INFO o.a.j.e.StandardJMeterEngine: Notifying test listeners of end of test
2018-08-13 02:20:22,500 INFO o.a.j.s.FileServer: Close: TestAccounts.csv
2018-08-13 02:20:22,509 INFO o.a.j.g.u.JMeterMenuBar: setRunning(false, *local*)
2018-08-13 02:24:30,003 INFO o.a.j.e.StandardJMeterEngine: Running the test!
2018-08-13 02:24:30,004 INFO o.a.j.s.SampleEvent: List of sample_variables: []
2018-08-13 02:24:30,017 INFO o.a.j.g.u.JMeterMenuBar: setRunning(true, *local*)
2018-08-13 02:24:30,392 INFO o.a.j.e.StandardJMeterEngine: Starting ThreadGroup: 1 : Thread Group
2018-08-13 02:24:30,392 INFO o.a.j.e.StandardJMeterEngine: Starting 1 threads for group Thread Group.
2018-08-13 02:24:30,392 INFO o.a.j.e.StandardJMeterEngine: Thread will start next loop on error
2018-08-13 02:24:30,392 INFO o.a.j.t.ThreadGroup: Starting thread group... number=1 threads=1 ramp-up=1 perThread=1000.0 delayedStart=false
2018-08-13 02:24:30,395 INFO o.a.j.t.ThreadGroup: Started thread group number 1
2018-08-13 02:24:30,396 INFO o.a.j.e.StandardJMeterEngine: All thread groups have been started
2018-08-13 02:24:30,405 INFO o.a.j.t.JMeterThread: Thread started: Thread Group 1-1
2018-08-13 02:24:30,407 INFO o.a.j.s.FileServer: Stored: TestAccounts.csv
2018-08-13 02:27:53,448 INFO o.a.j.t.JMeterThread: Thread is done: Thread Group 1-1
2018-08-13 02:27:53,448 INFO o.a.j.t.JMeterThread: Thread finished: Thread Group 1-1
2018-08-13 02:27:53,449 INFO o.a.j.e.StandardJMeterEngine: Notifying test listeners of end of test
2018-08-13 02:27:53,449 INFO o.a.j.s.FileServer: Close: TestAccounts.csv
2018-08-13 02:27:53,450 INFO o.a.j.g.u.JMeterMenuBar: setRunning(false, *local*)
2018-08-13 02:32:48,023 INFO o.a.j.e.StandardJMeterEngine: Running the test!
2018-08-13 02:32:48,028 INFO o.a.j.s.SampleEvent: List of sample_variables: []
2018-08-13 02:32:48,043 INFO o.a.j.g.u.JMeterMenuBar: setRunning(true, *local*)
2018-08-13 02:32:48,459 INFO o.a.j.e.StandardJMeterEngine: Starting ThreadGroup: 1 : Thread Group
2018-08-13 02:32:48,460 INFO o.a.j.e.StandardJMeterEngine: Starting 1 threads for group Thread Group.
2018-08-13 02:32:48,460 INFO o.a.j.e.StandardJMeterEngine: Thread will start next loop on error
2018-08-13 02:32:48,460 INFO o.a.j.t.ThreadGroup: Starting thread group... number=1 threads=1 ramp-up=1 perThread=1000.0 delayedStart=false
2018-08-13 02:32:48,461 INFO o.a.j.t.ThreadGroup: Started thread group number 1
2018-08-13 02:32:48,461 INFO o.a.j.e.StandardJMeterEngine: All thread groups have been started
2018-08-13 02:32:48,481 INFO o.a.j.t.JMeterThread: Thread started: Thread Group 1-1
2018-08-13 02:32:48,483 INFO o.a.j.s.FileServer: Stored: TestAccounts.csv
2018-08-13 02:35:34,434 INFO o.a.j.t.JMeterThread: Thread is done: Thread Group 1-1
2018-08-13 02:35:34,434 INFO o.a.j.t.JMeterThread: Thread finished: Thread Group 1-1
2018-08-13 02:35:34,435 INFO o.a.j.e.StandardJMeterEngine: Notifying test listeners of end of test
2018-08-13 02:35:34,436 INFO o.a.j.s.FileServer: Close: TestAccounts.csv
2018-08-13 02:35:34,437 INFO o.a.j.g.u.JMeterMenuBar: setRunning(false, *local*)
2018-08-13 02:43:58,232 INFO o.a.j.e.StandardJMeterEngine: Running the test!
2018-08-13 02:43:58,232 INFO o.a.j.s.SampleEvent: List of sample_variables: []
2018-08-13 02:43:58,243 INFO o.a.j.g.u.JMeterMenuBar: setRunning(true, *local*)
2018-08-13 02:43:58,572 INFO o.a.j.e.StandardJMeterEngine: Starting ThreadGroup: 1 : Thread Group
2018-08-13 02:43:58,572 INFO o.a.j.e.StandardJMeterEngine: Starting 1 threads for group Thread Group.
2018-08-13 02:43:58,572 INFO o.a.j.e.StandardJMeterEngine: Thread will start next loop on error
2018-08-13 02:43:58,572 INFO o.a.j.t.ThreadGroup: Starting thread group... number=1 threads=1 ramp-up=1 perThread=1000.0 delayedStart=false
2018-08-13 02:43:58,605 INFO o.a.j.t.ThreadGroup: Started thread group number 1
2018-08-13 02:43:58,605 INFO o.a.j.e.StandardJMeterEngine: All thread groups have been started
2018-08-13 02:43:58,617 INFO o.a.j.t.JMeterThread: Thread started: Thread Group 1-1
2018-08-13 02:46:49,750 ERROR o.a.j.p.j.s.JSR223Sampler: Problem in JSR223 script Clone,FileCreate,Add,Commit,Push, message: javax.script.ScriptException: javax.script.ScriptException: org.eclipse.jgit.api.errors.TransportException: /home/anuragverma/Desktop/Jgi/pqvor_1534108518255/.git/objects/incoming_7095812000680498081.idx (No such file or directory)
javax.script.ScriptException: javax.script.ScriptException: org.eclipse.jgit.api.errors.TransportException: /home/anuragverma/Desktop/Jgi/pqvor_1534108518255/.git/objects/incoming_7095812000680498081.idx (No such file or directory)
	at org.codehaus.groovy.jsr223.GroovyScriptEngineImpl.eval(GroovyScriptEngineImpl.java:158) ~[groovy-all-2.4.12.jar:2.4.12]
	at javax.script.AbstractScriptEngine.eval(AbstractScriptEngine.java:233) ~[?:1.8.0_171]
	at org.apache.jmeter.util.JSR223TestElement.processFileOrScript(JSR223TestElement.java:222) ~[ApacheJMeter_core.jar:3.3 r1808647]
	at org.apache.jmeter.protocol.java.sampler.JSR223Sampler.sample(JSR223Sampler.java:69) [ApacheJMeter_java.jar:3.3 r1808647]
	at org.apache.jmeter.threads.JMeterThread.executeSamplePackage(JMeterThread.java:498) [ApacheJMeter_core.jar:3.3 r1808647]
	at org.apache.jmeter.threads.JMeterThread.processSampler(JMeterThread.java:424) [ApacheJMeter_core.jar:3.3 r1808647]
	at org.apache.jmeter.threads.JMeterThread.run(JMeterThread.java:255) [ApacheJMeter_core.jar:3.3 r1808647]
	at java.lang.Thread.run(Thread.java:748) [?:1.8.0_171]
Caused by: javax.script.ScriptException: org.eclipse.jgit.api.errors.TransportException: /home/anuragverma/Desktop/Jgi/pqvor_1534108518255/.git/objects/incoming_7095812000680498081.idx (No such file or directory)
	at org.codehaus.groovy.jsr223.GroovyScriptEngineImpl.eval(GroovyScriptEngineImpl.java:320) ~[groovy-all-2.4.12.jar:2.4.12]
	at org.codehaus.groovy.jsr223.GroovyScriptEngineImpl.eval(GroovyScriptEngineImpl.java:155) ~[groovy-all-2.4.12.jar:2.4.12]
	... 7 more
Caused by: org.eclipse.jgit.api.errors.TransportException: /home/anuragverma/Desktop/Jgi/pqvor_1534108518255/.git/objects/incoming_7095812000680498081.idx (No such file or directory)
	at org.eclipse.jgit.api.FetchCommand.call(FetchCommand.java:254) ~[org.eclipse.jgit-5.0.1.201806211838-r.jar:5.0.1.201806211838-r]
	at org.eclipse.jgit.api.CloneCommand.fetch(CloneCommand.java:306) ~[org.eclipse.jgit-5.0.1.201806211838-r.jar:5.0.1.201806211838-r]
	at org.eclipse.jgit.api.CloneCommand.call(CloneCommand.java:200) ~[org.eclipse.jgit-5.0.1.201806211838-r.jar:5.0.1.201806211838-r]
	at org.eclipse.jgit.api.CloneCommand.call(CloneCommand.java:1) ~[org.eclipse.jgit-5.0.1.201806211838-r.jar:5.0.1.201806211838-r]
	at java_util_concurrent_Callable$call.call(Unknown Source) ~[?:?]
	at org.codehaus.groovy.runtime.callsite.CallSiteArray.defaultCall(CallSiteArray.java:48) ~[groovy-all-2.4.12.jar:2.4.12]
	at org.codehaus.groovy.runtime.callsite.AbstractCallSite.call(AbstractCallSite.java:113) ~[groovy-all-2.4.12.jar:2.4.12]
	at org.codehaus.groovy.runtime.callsite.AbstractCallSite.call(AbstractCallSite.java:117) ~[groovy-all-2.4.12.jar:2.4.12]
	at Script18.run(Script18.groovy:29) ~[?:?]
	at org.codehaus.groovy.jsr223.GroovyScriptEngineImpl.eval(GroovyScriptEngineImpl.java:317) ~[groovy-all-2.4.12.jar:2.4.12]
	at org.codehaus.groovy.jsr223.GroovyScriptEngineImpl.eval(GroovyScriptEngineImpl.java:155) ~[groovy-all-2.4.12.jar:2.4.12]
	... 7 more
Caused by: org.eclipse.jgit.errors.TransportException: /home/anuragverma/Desktop/Jgi/pqvor_1534108518255/.git/objects/incoming_7095812000680498081.idx (No such file or directory)
	at org.eclipse.jgit.transport.BasePackFetchConnection.doFetch(BasePackFetchConnection.java:402) ~[org.eclipse.jgit-5.0.1.201806211838-r.jar:5.0.1.201806211838-r]
	at org.eclipse.jgit.transport.TransportHttp$SmartHttpFetchConnection.doFetch(TransportHttp.java:1071) ~[org.eclipse.jgit-5.0.1.201806211838-r.jar:5.0.1.201806211838-r]
	at org.eclipse.jgit.transport.BasePackFetchConnection.fetch(BasePackFetchConnection.java:325) ~[org.eclipse.jgit-5.0.1.201806211838-r.jar:5.0.1.201806211838-r]
	at org.eclipse.jgit.transport.BasePackFetchConnection.fetch(BasePackFetchConnection.java:316) ~[org.eclipse.jgit-5.0.1.201806211838-r.jar:5.0.1.201806211838-r]
	at org.eclipse.jgit.transport.FetchProcess.fetchObjects(FetchProcess.java:246) ~[org.eclipse.jgit-5.0.1.201806211838-r.jar:5.0.1.201806211838-r]
	at org.eclipse.jgit.transport.FetchProcess.executeImp(FetchProcess.java:162) ~[org.eclipse.jgit-5.0.1.201806211838-r.jar:5.0.1.201806211838-r]
	at org.eclipse.jgit.transport.FetchProcess.execute(FetchProcess.java:123) ~[org.eclipse.jgit-5.0.1.201806211838-r.jar:5.0.1.201806211838-r]
	at org.eclipse.jgit.transport.Transport.fetch(Transport.java:1271) ~[org.eclipse.jgit-5.0.1.201806211838-r.jar:5.0.1.201806211838-r]
	at org.eclipse.jgit.api.FetchCommand.call(FetchCommand.java:243) ~[org.eclipse.jgit-5.0.1.201806211838-r.jar:5.0.1.201806211838-r]
	at org.eclipse.jgit.api.CloneCommand.fetch(CloneCommand.java:306) ~[org.eclipse.jgit-5.0.1.201806211838-r.jar:5.0.1.201806211838-r]
	at org.eclipse.jgit.api.CloneCommand.call(CloneCommand.java:200) ~[org.eclipse.jgit-5.0.1.201806211838-r.jar:5.0.1.201806211838-r]
	at org.eclipse.jgit.api.CloneCommand.call(CloneCommand.java:1) ~[org.eclipse.jgit-5.0.1.201806211838-r.jar:5.0.1.201806211838-r]
	at java_util_concurrent_Callable$call.call(Unknown Source) ~[?:?]
	at org.codehaus.groovy.runtime.callsite.CallSiteArray.defaultCall(CallSiteArray.java:48) ~[groovy-all-2.4.12.jar:2.4.12]
	at org.codehaus.groovy.runtime.callsite.AbstractCallSite.call(AbstractCallSite.java:113) ~[groovy-all-2.4.12.jar:2.4.12]
	at org.codehaus.groovy.runtime.callsite.AbstractCallSite.call(AbstractCallSite.java:117) ~[groovy-all-2.4.12.jar:2.4.12]
	at Script18.run(Script18.groovy:29) ~[?:?]
	at org.codehaus.groovy.jsr223.GroovyScriptEngineImpl.eval(GroovyScriptEngineImpl.java:317) ~[groovy-all-2.4.12.jar:2.4.12]
	at org.codehaus.groovy.jsr223.GroovyScriptEngineImpl.eval(GroovyScriptEngineImpl.java:155) ~[groovy-all-2.4.12.jar:2.4.12]
	... 7 more
Caused by: java.io.FileNotFoundException: /home/anuragverma/Desktop/Jgi/pqvor_1534108518255/.git/objects/incoming_7095812000680498081.idx (No such file or directory)
	at java.io.FileOutputStream.open0(Native Method) ~[?:1.8.0_171]
	at java.io.FileOutputStream.open(FileOutputStream.java:270) ~[?:1.8.0_171]
	at java.io.FileOutputStream.<init>(FileOutputStream.java:213) ~[?:1.8.0_171]
	at java.io.FileOutputStream.<init>(FileOutputStream.java:162) ~[?:1.8.0_171]
	at org.eclipse.jgit.internal.storage.file.ObjectDirectoryPackParser.writeIdx(ObjectDirectoryPackParser.java:432) ~[org.eclipse.jgit-5.0.1.201806211838-r.jar:5.0.1.201806211838-r]
	at org.eclipse.jgit.internal.storage.file.ObjectDirectoryPackParser.parse(ObjectDirectoryPackParser.java:204) ~[org.eclipse.jgit-5.0.1.201806211838-r.jar:5.0.1.201806211838-r]
	at org.eclipse.jgit.transport.PackParser.parse(PackParser.java:529) ~[org.eclipse.jgit-5.0.1.201806211838-r.jar:5.0.1.201806211838-r]
	at org.eclipse.jgit.transport.BasePackFetchConnection.receivePack(BasePackFetchConnection.java:854) ~[org.eclipse.jgit-5.0.1.201806211838-r.jar:5.0.1.201806211838-r]
	at org.eclipse.jgit.transport.BasePackFetchConnection.doFetch(BasePackFetchConnection.java:395) ~[org.eclipse.jgit-5.0.1.201806211838-r.jar:5.0.1.201806211838-r]
	at org.eclipse.jgit.transport.TransportHttp$SmartHttpFetchConnection.doFetch(TransportHttp.java:1071) ~[org.eclipse.jgit-5.0.1.201806211838-r.jar:5.0.1.201806211838-r]
	at org.eclipse.jgit.transport.BasePackFetchConnection.fetch(BasePackFetchConnection.java:325) ~[org.eclipse.jgit-5.0.1.201806211838-r.jar:5.0.1.201806211838-r]
	at org.eclipse.jgit.transport.BasePackFetchConnection.fetch(BasePackFetchConnection.java:316) ~[org.eclipse.jgit-5.0.1.201806211838-r.jar:5.0.1.201806211838-r]
	at org.eclipse.jgit.transport.FetchProcess.fetchObjects(FetchProcess.java:246) ~[org.eclipse.jgit-5.0.1.201806211838-r.jar:5.0.1.201806211838-r]
	at org.eclipse.jgit.transport.FetchProcess.executeImp(FetchProcess.java:162) ~[org.eclipse.jgit-5.0.1.201806211838-r.jar:5.0.1.201806211838-r]
	at org.eclipse.jgit.transport.FetchProcess.execute(FetchProcess.java:123) ~[org.eclipse.jgit-5.0.1.201806211838-r.jar:5.0.1.201806211838-r]
	at org.eclipse.jgit.transport.Transport.fetch(Transport.java:1271) ~[org.eclipse.jgit-5.0.1.201806211838-r.jar:5.0.1.201806211838-r]
	at org.eclipse.jgit.api.FetchCommand.call(FetchCommand.java:243) ~[org.eclipse.jgit-5.0.1.201806211838-r.jar:5.0.1.201806211838-r]
	at org.eclipse.jgit.api.CloneCommand.fetch(CloneCommand.java:306) ~[org.eclipse.jgit-5.0.1.201806211838-r.jar:5.0.1.201806211838-r]
	at org.eclipse.jgit.api.CloneCommand.call(CloneCommand.java:200) ~[org.eclipse.jgit-5.0.1.201806211838-r.jar:5.0.1.201806211838-r]
	at org.eclipse.jgit.api.CloneCommand.call(CloneCommand.java:1) ~[org.eclipse.jgit-5.0.1.201806211838-r.jar:5.0.1.201806211838-r]
	at java_util_concurrent_Callable$call.call(Unknown Source) ~[?:?]
	at org.codehaus.groovy.runtime.callsite.CallSiteArray.defaultCall(CallSiteArray.java:48) ~[groovy-all-2.4.12.jar:2.4.12]
	at org.codehaus.groovy.runtime.callsite.AbstractCallSite.call(AbstractCallSite.java:113) ~[groovy-all-2.4.12.jar:2.4.12]
	at org.codehaus.groovy.runtime.callsite.AbstractCallSite.call(AbstractCallSite.java:117) ~[groovy-all-2.4.12.jar:2.4.12]
	at Script18.run(Script18.groovy:29) ~[?:?]
	at org.codehaus.groovy.jsr223.GroovyScriptEngineImpl.eval(GroovyScriptEngineImpl.java:317) ~[groovy-all-2.4.12.jar:2.4.12]
	at org.codehaus.groovy.jsr223.GroovyScriptEngineImpl.eval(GroovyScriptEngineImpl.java:155) ~[groovy-all-2.4.12.jar:2.4.12]
	... 7 more
2018-08-13 02:46:49,764 INFO o.a.j.t.JMeterThread: Thread is done: Thread Group 1-1
2018-08-13 02:46:49,764 INFO o.a.j.t.JMeterThread: Thread finished: Thread Group 1-1
2018-08-13 02:46:49,764 INFO o.a.j.e.StandardJMeterEngine: Notifying test listeners of end of test
2018-08-13 02:46:49,765 INFO o.a.j.g.u.JMeterMenuBar: setRunning(false, *local*)
